SF:C:\Users\Nuri\Git\diabetia\backend\Diabetia\Diabetia.Application\UseCases\EventInsulinUseCase.cs
FN:8,System.Void Diabetia.API.Controllers.EventInsulinUseCase::.ctor(Diabetia.Domain.Repositories.IEventRepository)
FNDA:0,System.Void Diabetia.API.Controllers.EventInsulinUseCase::.ctor(Diabetia.Domain.Repositories.IEventRepository)
DA:9,0
DA:11,0
DA:12,0
FN:14,System.Void Diabetia.API.Controllers.EventInsulinUseCase/<AddInsulinEvent>d__2::MoveNext()
FNDA:0,System.Void Diabetia.API.Controllers.EventInsulinUseCase/<AddInsulinEvent>d__2::MoveNext()
DA:15,0
DA:16,0
FN:18,System.Void Diabetia.API.Controllers.EventInsulinUseCase/<EditInsulinEvent>d__3::MoveNext()
FNDA:0,System.Void Diabetia.API.Controllers.EventInsulinUseCase/<EditInsulinEvent>d__3::MoveNext()
DA:19,0
DA:20,0
LF:7
LH:0
BRF:0
BRH:0
FNF:3
FNH:0
end_of_record
SF:C:\Users\Nuri\Git\diabetia\backend\Diabetia\Diabetia.Application\UseCases\AuthChangePasswordUseCase.cs
FN:7,System.Void Diabetia.Application.UseCases.AuthChangePasswordUseCase::.ctor(Diabetia.Domain.Services.IAuthProvider)
FNDA:0,System.Void Diabetia.Application.UseCases.AuthChangePasswordUseCase::.ctor(Diabetia.Domain.Services.IAuthProvider)
DA:8,0
DA:10,0
DA:11,0
FN:14,System.Void Diabetia.Application.UseCases.AuthChangePasswordUseCase/<ChangeUserPasswordAsync>d__2::MoveNext()
FNDA:0,System.Void Diabetia.Application.UseCases.AuthChangePasswordUseCase/<ChangeUserPasswordAsync>d__2::MoveNext()
DA:15,0
DA:16,0
LF:5
LH:0
BRF:0
BRH:0
FNF:2
FNH:0
end_of_record
SF:C:\Users\Nuri\Git\diabetia\backend\Diabetia\Diabetia.Application\UseCases\AuthForgotPasswordUseCase.cs
FN:13,System.Void Diabetia.Application.UseCases.AuthForgotPasswordUseCase::.ctor(Diabetia.Domain.Services.IAuthProvider,Diabetia.Domain.Repositories.IAuthRepository,Diabetia.Interfaces.IEmailValidator)
FNDA:0,System.Void Diabetia.Application.UseCases.AuthForgotPasswordUseCase::.ctor(Diabetia.Domain.Services.IAuthProvider,Diabetia.Domain.Repositories.IAuthRepository,Diabetia.Interfaces.IEmailValidator)
DA:14,0
DA:16,0
DA:17,0
DA:18,0
DA:19,0
FN:41,System.Void Diabetia.Application.UseCases.AuthForgotPasswordUseCase/<ConfirmForgotPasswordAsync>d__5::MoveNext()
FNDA:0,System.Void Diabetia.Application.UseCases.AuthForgotPasswordUseCase/<ConfirmForgotPasswordAsync>d__5::MoveNext()
DA:42,0
DA:44,0
DA:46,0
DA:47,0
DA:49,0
DA:51,0
DA:52,0
BRDA:42,41,0,0
BRDA:42,41,1,0
BRDA:47,163,0,0
BRDA:47,163,1,0
FN:22,System.Void Diabetia.Application.UseCases.AuthForgotPasswordUseCase/<ForgotPasswordEmailAsync>d__4::MoveNext()
FNDA:0,System.Void Diabetia.Application.UseCases.AuthForgotPasswordUseCase/<ForgotPasswordEmailAsync>d__4::MoveNext()
DA:23,0
DA:25,0
DA:27,0
DA:28,0
DA:30,0
DA:32,0
DA:33,0
DA:35,0
DA:37,0
DA:38,0
BRDA:23,49,0,0
BRDA:23,49,1,0
BRDA:28,183,0,0
BRDA:28,183,1,0
BRDA:33,296,0,0
BRDA:33,296,1,0
LF:22
LH:0
BRF:10
BRH:0
FNF:3
FNH:0
end_of_record
SF:C:\Users\Nuri\Git\diabetia\backend\Diabetia\Diabetia.Application\UseCases\AuthLoginUseCase.cs
FN:15,System.Void Diabetia.Application.UseCases.AuthLoginUseCase::.ctor(Diabetia.Domain.Services.IAuthProvider,Diabetia.Domain.Services.IUserRepository,Diabetia.Domain.Repositories.IAuthRepository,Diabetia.Interfaces.IInputValidator)
FNDA:0,System.Void Diabetia.Application.UseCases.AuthLoginUseCase::.ctor(Diabetia.Domain.Services.IAuthProvider,Diabetia.Domain.Services.IUserRepository,Diabetia.Domain.Repositories.IAuthRepository,Diabetia.Interfaces.IInputValidator)
DA:16,0
DA:18,0
DA:19,0
DA:20,0
DA:21,0
DA:22,0
FN:25,System.Void Diabetia.Application.UseCases.AuthLoginUseCase/<UserLoginAsync>d__5::MoveNext()
FNDA:0,System.Void Diabetia.Application.UseCases.AuthLoginUseCase/<UserLoginAsync>d__5::MoveNext()
DA:26,0
DA:29,0
DA:31,0
DA:32,0
DA:34,0
DA:40,0
DA:41,0
DA:43,0
DA:45,0
DA:48,0
DA:49,0
DA:51,0
DA:53,0
DA:54,0
DA:56,0
DA:58,0
DA:59,0
DA:60,0
DA:61,0
DA:62,0
DA:63,0
DA:64,0
DA:65,0
DA:66,0
DA:68,0
DA:69,0
BRDA:29,64,0,0
BRDA:32,193,0,0
BRDA:29,64,1,0
BRDA:41,309,0,0
BRDA:41,309,1,0
BRDA:32,193,1,0
BRDA:49,461,0,0
BRDA:49,461,1,0
BRDA:49,484,0,0
BRDA:49,484,1,0
BRDA:54,613,0,0
BRDA:54,613,1,0
LF:32
LH:0
BRF:12
BRH:0
FNF:2
FNH:0
end_of_record
SF:C:\Users\Nuri\Git\diabetia\backend\Diabetia\Diabetia.Application\UseCases\AuthRegisterUseCase.cs
FN:12,System.Void Diabetia.Application.UseCases.AuthRegisterUseCase::.ctor(Diabetia.Domain.Services.IAuthProvider,Diabetia.Domain.Repositories.IAuthRepository,Diabetia.Interfaces.IEmailValidator)
FNDA:0,System.Void Diabetia.Application.UseCases.AuthRegisterUseCase::.ctor(Diabetia.Domain.Services.IAuthProvider,Diabetia.Domain.Repositories.IAuthRepository,Diabetia.Interfaces.IEmailValidator)
DA:13,0
DA:15,0
DA:16,0
DA:17,0
DA:18,0
FN:35,System.Void Diabetia.Application.UseCases.AuthRegisterUseCase/<ConfirmEmailVerification>d__5::MoveNext()
FNDA:0,System.Void Diabetia.Application.UseCases.AuthRegisterUseCase/<ConfirmEmailVerification>d__5::MoveNext()
DA:36,0
DA:38,0
DA:41,0
DA:42,0
DA:44,0
DA:46,0
DA:47,0
DA:48,0
DA:49,0
BRDA:36,49,0,0
BRDA:36,49,1,0
BRDA:42,169,0,0
BRDA:42,169,1,0
FN:20,System.Void Diabetia.Application.UseCases.AuthRegisterUseCase/<Register>d__4::MoveNext()
FNDA:0,System.Void Diabetia.Application.UseCases.AuthRegisterUseCase/<Register>d__4::MoveNext()
DA:21,0
DA:23,0
DA:25,0
DA:27,0
DA:29,0
DA:30,0
DA:31,0
DA:32,0
BRDA:21,53,0,0
BRDA:21,53,1,0
BRDA:25,163,0,0
BRDA:25,163,1,0
LF:22
LH:0
BRF:8
BRH:0
FNF:3
FNH:0
end_of_record
SF:C:\Users\Nuri\Git\diabetia\backend\Diabetia\Diabetia.Application\UseCases\CalendarUseCase.cs
FN:209,System.Void Diabetia.Application.UseCases.CalendarUseCase::AddEventsToDictionary(System.Collections.Generic.Dictionary`2<System.String,System.Collections.Generic.List`1<Diabetia.Domain.Entities.EventItem>>,System.Collections.Generic.IEnumerable`1<T>,System.Func`2<T,System.DateTime>,System.Func`2<T,Diabetia.Domain.Entities.EventItem>)
FNDA:0,System.Void Diabetia.Application.UseCases.CalendarUseCase::AddEventsToDictionary(System.Collections.Generic.Dictionary`2<System.String,System.Collections.Generic.List`1<Diabetia.Domain.Entities.EventItem>>,System.Collections.Generic.IEnumerable`1<T>,System.Func`2<T,System.DateTime>,System.Func`2<T,Diabetia.Domain.Entities.EventItem>)
DA:210,0
DA:212,0
DA:214,0
DA:216,0
DA:219,0
DA:221,0
BRDA:210,84,1,0
BRDA:214,44,0,0
BRDA:214,44,1,0
BRDA:210,84,0,0
FN:12,System.Void Diabetia.Application.UseCases.CalendarUseCase::.ctor(Diabetia.Domain.Repositories.IEventRepository,Diabetia.Domain.Services.IUserRepository)
FNDA:0,System.Void Diabetia.Application.UseCases.CalendarUseCase::.ctor(Diabetia.Domain.Repositories.IEventRepository,Diabetia.Domain.Services.IUserRepository)
DA:13,0
DA:15,0
DA:16,0
DA:17,0
FN:34,<>f__AnonymousType0`1<System.DateTime> Diabetia.Application.UseCases.CalendarUseCase/<>c::<GetAllEvents>b__3_0(Diabetia.Domain.Entities.Events.FoodEvent)
FNDA:0,<>f__AnonymousType0`1<System.DateTime> Diabetia.Application.UseCases.CalendarUseCase/<>c::<GetAllEvents>b__3_0(Diabetia.Domain.Entities.Events.FoodEvent)
DA:35,0
FN:35,<>f__AnonymousType1`3<System.DateTime,System.String,System.String> Diabetia.Application.UseCases.CalendarUseCase/<>c::<GetAllEvents>b__3_1(System.Linq.IGrouping`2<<>f__AnonymousType0`1<System.DateTime>,Diabetia.Domain.Entities.Events.FoodEvent>)
FNDA:0,<>f__AnonymousType1`3<System.DateTime,System.String,System.String> Diabetia.Application.UseCases.CalendarUseCase/<>c::<GetAllEvents>b__3_1(System.Linq.IGrouping`2<<>f__AnonymousType0`1<System.DateTime>,Diabetia.Domain.Entities.Events.FoodEvent>)
DA:36,0
DA:37,0
DA:38,0
DA:39,0
DA:40,0
DA:41,0
FN:42,System.DateTime Diabetia.Application.UseCases.CalendarUseCase/<>c::<GetAllEvents>b__3_2(Diabetia.Domain.Entities.Events.PhysicalActivityEvent)
FNDA:0,System.DateTime Diabetia.Application.UseCases.CalendarUseCase/<>c::<GetAllEvents>b__3_2(Diabetia.Domain.Entities.Events.PhysicalActivityEvent)
DA:43,0
FN:43,Diabetia.Domain.Entities.EventItem Diabetia.Application.UseCases.CalendarUseCase/<>c::<GetAllEvents>b__3_3(Diabetia.Domain.Entities.Events.PhysicalActivityEvent)
FNDA:0,Diabetia.Domain.Entities.EventItem Diabetia.Application.UseCases.CalendarUseCase/<>c::<GetAllEvents>b__3_3(Diabetia.Domain.Entities.Events.PhysicalActivityEvent)
DA:44,0
DA:45,0
DA:46,0
DA:47,0
DA:48,0
FN:49,System.DateTime Diabetia.Application.UseCases.CalendarUseCase/<>c::<GetAllEvents>b__3_4(<>f__AnonymousType1`3<System.DateTime,System.String,System.String>)
FNDA:0,System.DateTime Diabetia.Application.UseCases.CalendarUseCase/<>c::<GetAllEvents>b__3_4(<>f__AnonymousType1`3<System.DateTime,System.String,System.String>)
DA:50,0
FN:50,Diabetia.Domain.Entities.EventItem Diabetia.Application.UseCases.CalendarUseCase/<>c::<GetAllEvents>b__3_5(<>f__AnonymousType1`3<System.DateTime,System.String,System.String>)
FNDA:0,Diabetia.Domain.Entities.EventItem Diabetia.Application.UseCases.CalendarUseCase/<>c::<GetAllEvents>b__3_5(<>f__AnonymousType1`3<System.DateTime,System.String,System.String>)
DA:51,0
DA:52,0
DA:53,0
DA:54,0
DA:55,0
FN:56,System.DateTime Diabetia.Application.UseCases.CalendarUseCase/<>c::<GetAllEvents>b__3_6(Diabetia.Domain.Entities.Events.ExamEvent)
FNDA:0,System.DateTime Diabetia.Application.UseCases.CalendarUseCase/<>c::<GetAllEvents>b__3_6(Diabetia.Domain.Entities.Events.ExamEvent)
DA:57,0
FN:57,Diabetia.Domain.Entities.EventItem Diabetia.Application.UseCases.CalendarUseCase/<>c::<GetAllEvents>b__3_7(Diabetia.Domain.Entities.Events.ExamEvent)
FNDA:0,Diabetia.Domain.Entities.EventItem Diabetia.Application.UseCases.CalendarUseCase/<>c::<GetAllEvents>b__3_7(Diabetia.Domain.Entities.Events.ExamEvent)
DA:58,0
DA:59,0
DA:60,0
DA:61,0
FN:62,System.DateTime Diabetia.Application.UseCases.CalendarUseCase/<>c::<GetAllEvents>b__3_8(Diabetia.Domain.Entities.Events.GlucoseEvent)
FNDA:0,System.DateTime Diabetia.Application.UseCases.CalendarUseCase/<>c::<GetAllEvents>b__3_8(Diabetia.Domain.Entities.Events.GlucoseEvent)
DA:63,0
FN:63,Diabetia.Domain.Entities.EventItem Diabetia.Application.UseCases.CalendarUseCase/<>c::<GetAllEvents>b__3_9(Diabetia.Domain.Entities.Events.GlucoseEvent)
FNDA:0,Diabetia.Domain.Entities.EventItem Diabetia.Application.UseCases.CalendarUseCase/<>c::<GetAllEvents>b__3_9(Diabetia.Domain.Entities.Events.GlucoseEvent)
DA:64,0
DA:65,0
DA:66,0
DA:67,0
DA:68,0
FN:69,System.DateTime Diabetia.Application.UseCases.CalendarUseCase/<>c::<GetAllEvents>b__3_10(Diabetia.Domain.Entities.Events.InsulinEvent)
FNDA:0,System.DateTime Diabetia.Application.UseCases.CalendarUseCase/<>c::<GetAllEvents>b__3_10(Diabetia.Domain.Entities.Events.InsulinEvent)
DA:70,0
FN:70,Diabetia.Domain.Entities.EventItem Diabetia.Application.UseCases.CalendarUseCase/<>c::<GetAllEvents>b__3_11(Diabetia.Domain.Entities.Events.InsulinEvent)
FNDA:0,Diabetia.Domain.Entities.EventItem Diabetia.Application.UseCases.CalendarUseCase/<>c::<GetAllEvents>b__3_11(Diabetia.Domain.Entities.Events.InsulinEvent)
DA:71,0
DA:72,0
DA:73,0
DA:74,0
DA:75,0
FN:76,System.DateTime Diabetia.Application.UseCases.CalendarUseCase/<>c::<GetAllEvents>b__3_12(Diabetia.Domain.Entities.Events.HealthEvent)
FNDA:0,System.DateTime Diabetia.Application.UseCases.CalendarUseCase/<>c::<GetAllEvents>b__3_12(Diabetia.Domain.Entities.Events.HealthEvent)
DA:77,0
FN:77,Diabetia.Domain.Entities.EventItem Diabetia.Application.UseCases.CalendarUseCase/<>c::<GetAllEvents>b__3_13(Diabetia.Domain.Entities.Events.HealthEvent)
FNDA:0,Diabetia.Domain.Entities.EventItem Diabetia.Application.UseCases.CalendarUseCase/<>c::<GetAllEvents>b__3_13(Diabetia.Domain.Entities.Events.HealthEvent)
DA:78,0
DA:79,0
DA:80,0
DA:81,0
FN:82,System.DateTime Diabetia.Application.UseCases.CalendarUseCase/<>c::<GetAllEvents>b__3_14(Diabetia.Domain.Entities.Events.MedicalVisitEvent)
FNDA:0,System.DateTime Diabetia.Application.UseCases.CalendarUseCase/<>c::<GetAllEvents>b__3_14(Diabetia.Domain.Entities.Events.MedicalVisitEvent)
DA:83,0
FN:83,Diabetia.Domain.Entities.EventItem Diabetia.Application.UseCases.CalendarUseCase/<>c::<GetAllEvents>b__3_15(Diabetia.Domain.Entities.Events.MedicalVisitEvent)
FNDA:0,Diabetia.Domain.Entities.EventItem Diabetia.Application.UseCases.CalendarUseCase/<>c::<GetAllEvents>b__3_15(Diabetia.Domain.Entities.Events.MedicalVisitEvent)
DA:84,0
DA:85,0
DA:86,0
DA:87,0
DA:88,0
FN:106,<>f__AnonymousType0`1<System.DateTime> Diabetia.Application.UseCases.CalendarUseCase/<>c::<GetAllEventsByDate>b__4_0(Diabetia.Domain.Entities.Events.FoodEvent)
FNDA:0,<>f__AnonymousType0`1<System.DateTime> Diabetia.Application.UseCases.CalendarUseCase/<>c::<GetAllEventsByDate>b__4_0(Diabetia.Domain.Entities.Events.FoodEvent)
DA:107,0
FN:107,<>f__AnonymousType1`3<System.DateTime,System.String,System.String> Diabetia.Application.UseCases.CalendarUseCase/<>c::<GetAllEventsByDate>b__4_1(System.Linq.IGrouping`2<<>f__AnonymousType0`1<System.DateTime>,Diabetia.Domain.Entities.Events.FoodEvent>)
FNDA:0,<>f__AnonymousType1`3<System.DateTime,System.String,System.String> Diabetia.Application.UseCases.CalendarUseCase/<>c::<GetAllEventsByDate>b__4_1(System.Linq.IGrouping`2<<>f__AnonymousType0`1<System.DateTime>,Diabetia.Domain.Entities.Events.FoodEvent>)
DA:108,0
DA:109,0
DA:110,0
DA:111,0
DA:112,0
DA:113,0
FN:20,System.Void Diabetia.Application.UseCases.CalendarUseCase/<GetAllEvents>d__3::MoveNext()
FNDA:0,System.Void Diabetia.Application.UseCases.CalendarUseCase/<GetAllEvents>d__3::MoveNext()
DA:21,0
DA:23,0
DA:25,0
DA:26,0
DA:27,0
DA:28,0
DA:29,0
DA:30,0
DA:31,0
DA:34,0
DA:90,0
DA:91,0
FN:95,System.Void Diabetia.Application.UseCases.CalendarUseCase/<GetAllEventsByDate>d__4::MoveNext()
FNDA:0,System.Void Diabetia.Application.UseCases.CalendarUseCase/<GetAllEventsByDate>d__4::MoveNext()
DA:96,0
DA:98,0
DA:99,0
DA:100,0
DA:101,0
DA:102,0
DA:103,0
DA:104,0
DA:106,0
DA:115,0
DA:117,0
DA:119,0
DA:120,0
DA:121,0
DA:122,0
DA:123,0
DA:124,0
DA:125,0
DA:127,0
DA:130,0
DA:132,0
DA:133,0
DA:134,0
DA:135,0
DA:136,0
DA:137,0
DA:138,0
DA:140,0
DA:143,0
DA:145,0
DA:146,0
DA:147,0
DA:148,0
DA:149,0
DA:150,0
DA:152,0
DA:155,0
DA:157,0
DA:158,0
DA:159,0
DA:160,0
DA:161,0
DA:162,0
DA:163,0
DA:165,0
DA:168,0
DA:170,0
DA:171,0
DA:172,0
DA:173,0
DA:174,0
DA:175,0
DA:177,0
DA:180,0
DA:182,0
DA:183,0
DA:184,0
DA:185,0
DA:186,0
DA:187,0
DA:189,0
DA:192,0
DA:194,0
DA:195,0
DA:196,0
DA:197,0
DA:198,0
DA:199,0
DA:200,0
DA:202,0
DA:205,0
DA:206,0
BRDA:117,1325,1,0
BRDA:117,1325,0,0
BRDA:130,1485,1,0
BRDA:132,1436,0,0
BRDA:132,1436,1,0
BRDA:130,1485,0,0
BRDA:143,1605,1,0
BRDA:143,1605,0,0
BRDA:155,1789,1,0
BRDA:155,1789,0,0
BRDA:168,1912,1,0
BRDA:168,1912,0,0
BRDA:180,2032,1,0
BRDA:180,2032,0,0
BRDA:192,2160,1,0
BRDA:192,2160,0,0
LF:148
LH:0
BRF:20
BRH:0
FNF:22
FNH:0
end_of_record
SF:C:\Users\Nuri\Git\diabetia\backend\Diabetia\Diabetia.Application\UseCases\DataUserUseCase.cs
FN:9,System.Void Diabetia.Application.UseCases.DataUserUseCase::.ctor(Diabetia.Domain.Services.IUserRepository)
FNDA:0,System.Void Diabetia.Application.UseCases.DataUserUseCase::.ctor(Diabetia.Domain.Services.IUserRepository)
DA:10,0
DA:12,0
DA:13,0
FN:19,System.Void Diabetia.Application.UseCases.DataUserUseCase/<FirstStep>d__3::MoveNext()
FNDA:0,System.Void Diabetia.Application.UseCases.DataUserUseCase/<FirstStep>d__3::MoveNext()
DA:20,0
DA:21,0
FN:35,System.Void Diabetia.Application.UseCases.DataUserUseCase/<FourthStep>d__6::MoveNext()
FNDA:0,System.Void Diabetia.Application.UseCases.DataUserUseCase/<FourthStep>d__6::MoveNext()
DA:36,0
DA:37,0
FN:40,System.Void Diabetia.Application.UseCases.DataUserUseCase/<GetEditUserInfo>d__7::MoveNext()
FNDA:0,System.Void Diabetia.Application.UseCases.DataUserUseCase/<GetEditUserInfo>d__7::MoveNext()
DA:41,0
DA:42,0
FN:55,System.Void Diabetia.Application.UseCases.DataUserUseCase/<GetExerciseInfo>d__10::MoveNext()
FNDA:0,System.Void Diabetia.Application.UseCases.DataUserUseCase/<GetExerciseInfo>d__10::MoveNext()
DA:56,0
DA:57,0
FN:60,System.Void Diabetia.Application.UseCases.DataUserUseCase/<GetPatientDeviceInfo>d__11::MoveNext()
FNDA:0,System.Void Diabetia.Application.UseCases.DataUserUseCase/<GetPatientDeviceInfo>d__11::MoveNext()
DA:61,0
DA:62,0
FN:45,System.Void Diabetia.Application.UseCases.DataUserUseCase/<GetPatientInfo>d__8::MoveNext()
FNDA:0,System.Void Diabetia.Application.UseCases.DataUserUseCase/<GetPatientInfo>d__8::MoveNext()
DA:46,0
DA:47,0
FN:50,System.Void Diabetia.Application.UseCases.DataUserUseCase/<GetPhysicalInfo>d__9::MoveNext()
FNDA:0,System.Void Diabetia.Application.UseCases.DataUserUseCase/<GetPhysicalInfo>d__9::MoveNext()
DA:51,0
DA:52,0
FN:15,System.Void Diabetia.Application.UseCases.DataUserUseCase/<GetUserInfo>d__2::MoveNext()
FNDA:0,System.Void Diabetia.Application.UseCases.DataUserUseCase/<GetUserInfo>d__2::MoveNext()
DA:16,0
DA:17,0
FN:24,System.Void Diabetia.Application.UseCases.DataUserUseCase/<SecondStep>d__4::MoveNext()
FNDA:0,System.Void Diabetia.Application.UseCases.DataUserUseCase/<SecondStep>d__4::MoveNext()
DA:25,0
DA:26,0
FN:30,System.Void Diabetia.Application.UseCases.DataUserUseCase/<ThirdStep>d__5::MoveNext()
FNDA:0,System.Void Diabetia.Application.UseCases.DataUserUseCase/<ThirdStep>d__5::MoveNext()
DA:31,0
DA:32,0
LF:23
LH:0
BRF:0
BRH:0
FNF:11
FNH:0
end_of_record
SF:C:\Users\Nuri\Git\diabetia\backend\Diabetia\Diabetia.Application\UseCases\EventFoodUseCase.cs
FN:17,System.Void Diabetia.Application.UseCases.EventFoodUseCase::.ctor(Diabetia.Domain.Repositories.IEventRepository)
FNDA:0,System.Void Diabetia.Application.UseCases.EventFoodUseCase::.ctor(Diabetia.Domain.Repositories.IEventRepository)
DA:18,0
DA:20,0
DA:21,0
FN:34,System.Void Diabetia.Application.UseCases.EventFoodUseCase/<AddFoodByTagEvent>d__4::MoveNext()
FNDA:0,System.Void Diabetia.Application.UseCases.EventFoodUseCase/<AddFoodByTagEvent>d__4::MoveNext()
DA:35,0
DA:36,0
FN:23,System.Void Diabetia.Application.UseCases.EventFoodUseCase/<AddFoodManuallyEvent>d__2::MoveNext()
FNDA:0,System.Void Diabetia.Application.UseCases.EventFoodUseCase/<AddFoodManuallyEvent>d__2::MoveNext()
DA:24,0
DA:25,0
DA:26,0
FN:29,System.Void Diabetia.Application.UseCases.EventFoodUseCase/<EditFoodManuallyEvent>d__3::MoveNext()
FNDA:0,System.Void Diabetia.Application.UseCases.EventFoodUseCase/<EditFoodManuallyEvent>d__3::MoveNext()
DA:30,0
DA:31,0
FN:39,System.Void Diabetia.Application.UseCases.EventFoodUseCase/<GetIngredients>d__5::MoveNext()
FNDA:0,System.Void Diabetia.Application.UseCases.EventFoodUseCase/<GetIngredients>d__5::MoveNext()
DA:40,0
DA:41,0
LF:12
LH:0
BRF:0
BRH:0
FNF:5
FNH:0
end_of_record
SF:C:\Users\Nuri\Git\diabetia\backend\Diabetia\Diabetia.Application\UseCases\EventGlucoseUseCase.cs
FN:8,System.Void Diabetia.Application.UseCases.EventGlucoseUseCase::.ctor(Diabetia.Domain.Repositories.IEventRepository)
FNDA:0,System.Void Diabetia.Application.UseCases.EventGlucoseUseCase::.ctor(Diabetia.Domain.Repositories.IEventRepository)
DA:9,0
DA:11,0
DA:12,0
FN:14,System.Void Diabetia.Application.UseCases.EventGlucoseUseCase/<AddGlucoseEvent>d__2::MoveNext()
FNDA:0,System.Void Diabetia.Application.UseCases.EventGlucoseUseCase/<AddGlucoseEvent>d__2::MoveNext()
DA:15,0
DA:16,0
FN:19,System.Void Diabetia.Application.UseCases.EventGlucoseUseCase/<EditGlucoseEvent>d__3::MoveNext()
FNDA:0,System.Void Diabetia.Application.UseCases.EventGlucoseUseCase/<EditGlucoseEvent>d__3::MoveNext()
DA:20,0
DA:21,0
LF:7
LH:0
BRF:0
BRH:0
FNF:3
FNH:0
end_of_record
SF:C:\Users\Nuri\Git\diabetia\backend\Diabetia\Diabetia.Application\UseCases\EventMedicalExaminationUseCase.cs
FN:15,System.Void Diabetia.Application.UseCases.EventMedicalExaminationUseCase::.ctor(Diabetia.Domain.Repositories.IEventRepository,Diabetia.Domain.Services.ITagRecognitionProvider)
FNDA:0,System.Void Diabetia.Application.UseCases.EventMedicalExaminationUseCase::.ctor(Diabetia.Domain.Repositories.IEventRepository,Diabetia.Domain.Services.ITagRecognitionProvider)
DA:16,0
DA:18,0
DA:19,0
DA:20,0
FN:23,System.Void Diabetia.Application.UseCases.EventMedicalExaminationUseCase/<AddMedicalExaminationEvent>d__3::MoveNext()
FNDA:0,System.Void Diabetia.Application.UseCases.EventMedicalExaminationUseCase/<AddMedicalExaminationEvent>d__3::MoveNext()
DA:24,0
DA:25,0
DA:26,0
LF:7
LH:0
BRF:0
BRH:0
FNF:2
FNH:0
end_of_record
SF:C:\Users\Nuri\Git\diabetia\backend\Diabetia\Diabetia.Application\UseCases\EventPhysicalActivityUseCase.cs
FN:8,System.Void Diabetia.Application.UseCases.EventPhysicalActivityUseCase::.ctor(Diabetia.Domain.Repositories.IEventRepository)
FNDA:0,System.Void Diabetia.Application.UseCases.EventPhysicalActivityUseCase::.ctor(Diabetia.Domain.Repositories.IEventRepository)
DA:9,0
DA:11,0
DA:12,0
FN:15,System.Void Diabetia.Application.UseCases.EventPhysicalActivityUseCase/<AddPhysicalEventAsync>d__2::MoveNext()
FNDA:0,System.Void Diabetia.Application.UseCases.EventPhysicalActivityUseCase/<AddPhysicalEventAsync>d__2::MoveNext()
DA:16,0
DA:17,0
FN:20,System.Void Diabetia.Application.UseCases.EventPhysicalActivityUseCase/<EditPhysicalEventAsync>d__3::MoveNext()
FNDA:0,System.Void Diabetia.Application.UseCases.EventPhysicalActivityUseCase/<EditPhysicalEventAsync>d__3::MoveNext()
DA:21,0
DA:22,0
LF:7
LH:0
BRF:0
BRH:0
FNF:3
FNH:0
end_of_record
SF:C:\Users\Nuri\Git\diabetia\backend\Diabetia\Diabetia.Application\UseCases\EventUseCase.cs
FN:18,System.Void Diabetia.Application.UseCases.EventUseCase::.ctor(Diabetia.Domain.Repositories.IEventRepository,Diabetia.Domain.Services.ITagRecognitionProvider)
FNDA:0,System.Void Diabetia.Application.UseCases.EventUseCase::.ctor(Diabetia.Domain.Repositories.IEventRepository,Diabetia.Domain.Services.ITagRecognitionProvider)
DA:19,0
DA:21,0
DA:22,0
DA:23,0
FN:89,System.Void Diabetia.Application.UseCases.EventUseCase/<DeleteEvent>d__5::MoveNext()
FNDA:0,System.Void Diabetia.Application.UseCases.EventUseCase/<DeleteEvent>d__5::MoveNext()
DA:90,0
DA:95,0
DA:96,0
DA:98,0
DA:99,0
DA:101,0
DA:102,0
DA:106,0
DA:107,0
DA:109,0
DA:110,0
DA:112,0
DA:113,0
DA:119,0
BRDA:90,158,1,0
BRDA:90,158,3,0
BRDA:90,158,4,0
BRDA:90,158,2,0
BRDA:90,158,6,0
BRDA:90,158,7,0
BRDA:90,158,0,0
BRDA:90,158,5,0
BRDA:90,158,8,0
FN:26,System.Void Diabetia.Application.UseCases.EventUseCase/<GetEvent>d__4::MoveNext()
FNDA:0,System.Void Diabetia.Application.UseCases.EventUseCase/<GetEvent>d__4::MoveNext()
DA:27,0
DA:32,0
DA:33,0
DA:34,0
DA:35,0
DA:36,0
DA:37,0
DA:39,0
DA:40,0
DA:41,0
DA:42,0
DA:43,0
DA:44,0
DA:46,0
DA:47,0
DA:48,0
DA:49,0
DA:50,0
DA:51,0
DA:53,0
DA:54,0
DA:55,0
DA:56,0
DA:57,0
DA:58,0
DA:60,0
DA:61,0
DA:62,0
DA:63,0
DA:64,0
DA:65,0
DA:67,0
DA:68,0
DA:69,0
DA:70,0
DA:71,0
DA:72,0
DA:74,0
DA:75,0
DA:76,0
DA:77,0
DA:78,0
DA:79,0
DA:81,0
DA:83,0
DA:86,0
BRDA:27,161,3,0
BRDA:27,161,1,0
BRDA:27,161,2,0
BRDA:27,161,4,0
BRDA:27,161,5,0
BRDA:27,161,6,0
BRDA:27,161,7,0
BRDA:27,161,8,0
BRDA:27,161,0,0
LF:64
LH:0
BRF:18
BRH:0
FNF:3
FNH:0
end_of_record
SF:C:\Users\Nuri\Git\diabetia\backend\Diabetia\Diabetia.Application\UseCases\HomeUseCase.cs
FN:17,System.Void Diabetia.Application.UseCases.HomeUseCase::.ctor(Diabetia.Domain.Services.IHomeRepository,Diabetia.Domain.Repositories.IEventRepository)
FNDA:0,System.Void Diabetia.Application.UseCases.HomeUseCase::.ctor(Diabetia.Domain.Services.IHomeRepository,Diabetia.Domain.Repositories.IEventRepository)
DA:18,0
DA:20,0
DA:21,0
DA:22,0
FN:44,System.Void Diabetia.Application.UseCases.HomeUseCase/<GetTimeline>d__4::MoveNext()
FNDA:0,System.Void Diabetia.Application.UseCases.HomeUseCase/<GetTimeline>d__4::MoveNext()
DA:45,0
DA:47,0
DA:49,0
DA:51,0
DA:53,0
DA:58,0
DA:59,0
DA:60,0
DA:61,0
DA:62,0
DA:63,0
DA:64,0
DA:65,0
DA:67,0
DA:68,0
DA:69,0
DA:70,0
DA:71,0
DA:72,0
DA:73,0
DA:75,0
DA:76,0
DA:77,0
DA:78,0
DA:79,0
DA:80,0
DA:81,0
DA:83,0
DA:84,0
DA:85,0
DA:86,0
DA:87,0
DA:88,0
DA:89,0
DA:91,0
DA:92,0
DA:93,0
DA:94,0
DA:95,0
DA:96,0
DA:97,0
DA:99,0
DA:100,0
DA:101,0
DA:102,0
DA:103,0
DA:104,0
DA:105,0
DA:107,0
DA:108,0
DA:109,0
DA:110,0
DA:111,0
DA:112,0
DA:119,0
DA:121,0
DA:122,0
BRDA:45,21,0,0
BRDA:45,21,1,0
BRDA:51,1679,1,0
BRDA:53,340,3,0
BRDA:59,587,0,0
BRDA:59,587,1,0
BRDA:53,340,1,0
BRDA:53,340,2,0
BRDA:53,340,4,0
BRDA:53,340,5,0
BRDA:53,340,6,0
BRDA:53,340,7,0
BRDA:53,340,0,0
BRDA:53,340,8,0
BRDA:51,1679,0,0
FN:25,System.Void Diabetia.Application.UseCases.HomeUseCase/<ShowMetrics>d__3::MoveNext()
FNDA:0,System.Void Diabetia.Application.UseCases.HomeUseCase/<ShowMetrics>d__3::MoveNext()
DA:26,0
DA:28,0
DA:30,0
DA:32,0
DA:34,0
DA:36,0
DA:38,0
DA:40,0
DA:41,0
LF:70
LH:0
BRF:15
BRH:0
FNF:3
FNH:0
end_of_record
SF:C:\Users\Nuri\Git\diabetia\backend\Diabetia\Diabetia.Application\UseCases\TagCalculateUseCase.cs
FN:15,System.Void Diabetia.Application.UseCases.TagCalculateUseCase/<GetChPerPortionConsumed>d__0::MoveNext()
FNDA:0,System.Void Diabetia.Application.UseCases.TagCalculateUseCase/<GetChPerPortionConsumed>d__0::MoveNext()
DA:16,0
DA:18,0
DA:19,0
LF:3
LH:0
BRF:0
BRH:0
FNF:1
FNH:0
end_of_record
SF:C:\Users\Nuri\Git\diabetia\backend\Diabetia\Diabetia.Application\UseCases\TagDetectionUseCase.cs
FN:11,System.Void Diabetia.Application.UseCases.TagDetectionUseCase::.ctor(Diabetia.Domain.Services.ITagRecognitionProvider)
FNDA:0,System.Void Diabetia.Application.UseCases.TagDetectionUseCase::.ctor(Diabetia.Domain.Services.ITagRecognitionProvider)
DA:12,0
DA:14,0
DA:15,0
FN:18,System.Void Diabetia.Application.UseCases.TagDetectionUseCase/<GetOcrResponseFromDocument>d__2::MoveNext()
FNDA:0,System.Void Diabetia.Application.UseCases.TagDetectionUseCase/<GetOcrResponseFromDocument>d__2::MoveNext()
DA:19,0
DA:22,0
DA:24,0
DA:25,0
DA:26,0
DA:27,0
DA:28,0
DA:29,0
DA:30,0
DA:32,0
DA:35,0
DA:38,0
DA:41,0
DA:43,0
DA:45,0
DA:46,0
DA:51,0
DA:55,0
DA:57,0
DA:59,0
DA:60,0
DA:65,0
DA:68,0
DA:69,0
DA:70,0
DA:71,0
DA:72,0
DA:74,0
DA:77,0
DA:78,0
BRDA:22,520,1,0
BRDA:41,244,0,0
BRDA:43,299,1,0
BRDA:43,299,0,0
BRDA:41,244,1,0
BRDA:55,350,0,0
BRDA:57,405,1,0
BRDA:57,405,0,0
BRDA:55,350,1,0
BRDA:22,520,0,0
LF:33
LH:0
BRF:10
BRH:0
FNF:2
FNH:0
end_of_record
SF:C:\Users\Nuri\Git\diabetia\backend\Diabetia\Diabetia.Application\UseCases\EventUseCases\EventMedicalVisitUseCase.cs
FN:6,System.Void Diabetia.Application.UseCases.EventUseCases.EventMedicalVisitUseCase::.ctor(Diabetia.Domain.Repositories.IEventRepository)
FNDA:0,System.Void Diabetia.Application.UseCases.EventUseCases.EventMedicalVisitUseCase::.ctor(Diabetia.Domain.Repositories.IEventRepository)
DA:7,0
DA:9,0
DA:10,0
FN:12,System.Void Diabetia.Application.UseCases.EventUseCases.EventMedicalVisitUseCase/<AddMedicalVisitEventAsync>d__2::MoveNext()
FNDA:0,System.Void Diabetia.Application.UseCases.EventUseCases.EventMedicalVisitUseCase/<AddMedicalVisitEventAsync>d__2::MoveNext()
DA:13,0
DA:14,0
FN:16,System.Void Diabetia.Application.UseCases.EventUseCases.EventMedicalVisitUseCase/<EditMedicalVisitEventAsync>d__3::MoveNext()
FNDA:0,System.Void Diabetia.Application.UseCases.EventUseCases.EventMedicalVisitUseCase/<EditMedicalVisitEventAsync>d__3::MoveNext()
DA:17,0
DA:18,0
LF:7
LH:0
BRF:0
BRH:0
FNF:3
FNH:0
end_of_record
SF:C:\Users\Nuri\Git\diabetia\backend\Diabetia\Diabetia.Application\Exceptions\CantCreatObjectS3Async.cs
FN:10,System.Void Diabetia.Application.Exceptions.CantCreatObjectS3Async::.ctor()
FNDA:0,System.Void Diabetia.Application.Exceptions.CantCreatObjectS3Async::.ctor()
DA:11,0
FN:12,System.Void Diabetia.Application.Exceptions.CantCreatObjectS3Async::.ctor(System.String)
FNDA:0,System.Void Diabetia.Application.Exceptions.CantCreatObjectS3Async::.ctor(System.String)
DA:13,0
FN:14,System.Void Diabetia.Application.Exceptions.CantCreatObjectS3Async::.ctor(System.String,System.Exception)
FNDA:0,System.Void Diabetia.Application.Exceptions.CantCreatObjectS3Async::.ctor(System.String,System.Exception)
DA:15,0
LF:3
LH:0
BRF:0
BRH:0
FNF:3
FNH:0
end_of_record
SF:C:\Users\Nuri\Git\diabetia\backend\Diabetia\Diabetia.Application\Exceptions\CantDeleteObjectS3Async.cs
FN:10,System.Void Diabetia.Application.Exceptions.CantDeleteObjectS3Async::.ctor()
FNDA:0,System.Void Diabetia.Application.Exceptions.CantDeleteObjectS3Async::.ctor()
DA:11,0
FN:12,System.Void Diabetia.Application.Exceptions.CantDeleteObjectS3Async::.ctor(System.String)
FNDA:0,System.Void Diabetia.Application.Exceptions.CantDeleteObjectS3Async::.ctor(System.String)
DA:13,0
FN:14,System.Void Diabetia.Application.Exceptions.CantDeleteObjectS3Async::.ctor(System.String,System.Exception)
FNDA:0,System.Void Diabetia.Application.Exceptions.CantDeleteObjectS3Async::.ctor(System.String,System.Exception)
DA:15,0
LF:3
LH:0
BRF:0
BRH:0
FNF:3
FNH:0
end_of_record
SF:C:\Users\Nuri\Git\diabetia\backend\Diabetia\Diabetia.Application\Exceptions\EmailAlreadyExistsException.cs
FN:5,System.Void Diabetia.Application.Exceptions.EmailAlreadyExistsException::.ctor()
FNDA:0,System.Void Diabetia.Application.Exceptions.EmailAlreadyExistsException::.ctor()
DA:6,0
FN:7,System.Void Diabetia.Application.Exceptions.EmailAlreadyExistsException::.ctor(System.String)
FNDA:0,System.Void Diabetia.Application.Exceptions.EmailAlreadyExistsException::.ctor(System.String)
DA:8,0
FN:9,System.Void Diabetia.Application.Exceptions.EmailAlreadyExistsException::.ctor(System.String,System.Exception)
FNDA:0,System.Void Diabetia.Application.Exceptions.EmailAlreadyExistsException::.ctor(System.String,System.Exception)
DA:10,0
LF:3
LH:0
BRF:0
BRH:0
FNF:3
FNH:0
end_of_record
SF:C:\Users\Nuri\Git\diabetia\backend\Diabetia\Diabetia.Application\Exceptions\EventNotFoundException.cs
FN:5,System.Void Diabetia.Application.Exceptions.EventNotFoundException::.ctor()
FNDA:0,System.Void Diabetia.Application.Exceptions.EventNotFoundException::.ctor()
DA:6,0
FN:7,System.Void Diabetia.Application.Exceptions.EventNotFoundException::.ctor(System.String)
FNDA:0,System.Void Diabetia.Application.Exceptions.EventNotFoundException::.ctor(System.String)
DA:8,0
FN:9,System.Void Diabetia.Application.Exceptions.EventNotFoundException::.ctor(System.String,System.Exception)
FNDA:0,System.Void Diabetia.Application.Exceptions.EventNotFoundException::.ctor(System.String,System.Exception)
DA:10,0
LF:3
LH:0
BRF:0
BRH:0
FNF:3
FNH:0
end_of_record
SF:C:\Users\Nuri\Git\diabetia\backend\Diabetia\Diabetia.Application\Exceptions\EventNotMatchException.cs
FN:4,System.Void Diabetia.Application.Exceptions.EventNotMatchException::.ctor()
FNDA:0,System.Void Diabetia.Application.Exceptions.EventNotMatchException::.ctor()
DA:5,0
FN:5,System.Void Diabetia.Application.Exceptions.EventNotMatchException::.ctor(System.String)
FNDA:0,System.Void Diabetia.Application.Exceptions.EventNotMatchException::.ctor(System.String)
DA:6,0
FN:6,System.Void Diabetia.Application.Exceptions.EventNotMatchException::.ctor(System.String,System.Exception)
FNDA:0,System.Void Diabetia.Application.Exceptions.EventNotMatchException::.ctor(System.String,System.Exception)
DA:7,0
LF:3
LH:0
BRF:0
BRH:0
FNF:3
FNH:0
end_of_record
SF:C:\Users\Nuri\Git\diabetia\backend\Diabetia\Diabetia.Application\Exceptions\EventNotRelatedWithPatientException.cs
FN:5,System.Void Diabetia.Application.Exceptions.EventNotRelatedWithPatientException::.ctor()
FNDA:0,System.Void Diabetia.Application.Exceptions.EventNotRelatedWithPatientException::.ctor()
DA:6,0
FN:7,System.Void Diabetia.Application.Exceptions.EventNotRelatedWithPatientException::.ctor(System.String)
FNDA:0,System.Void Diabetia.Application.Exceptions.EventNotRelatedWithPatientException::.ctor(System.String)
DA:8,0
FN:9,System.Void Diabetia.Application.Exceptions.EventNotRelatedWithPatientException::.ctor(System.String,System.Exception)
FNDA:0,System.Void Diabetia.Application.Exceptions.EventNotRelatedWithPatientException::.ctor(System.String,System.Exception)
DA:10,0
LF:3
LH:0
BRF:0
BRH:0
FNF:3
FNH:0
end_of_record
SF:C:\Users\Nuri\Git\diabetia\backend\Diabetia\Diabetia.Application\Exceptions\ExaminationEventNotFoundException.cs
FN:10,System.Void Diabetia.Application.Exceptions.ExaminationEventNotFoundException::.ctor()
FNDA:0,System.Void Diabetia.Application.Exceptions.ExaminationEventNotFoundException::.ctor()
DA:11,0
FN:12,System.Void Diabetia.Application.Exceptions.ExaminationEventNotFoundException::.ctor(System.String)
FNDA:0,System.Void Diabetia.Application.Exceptions.ExaminationEventNotFoundException::.ctor(System.String)
DA:13,0
FN:14,System.Void Diabetia.Application.Exceptions.ExaminationEventNotFoundException::.ctor(System.String,System.Exception)
FNDA:0,System.Void Diabetia.Application.Exceptions.ExaminationEventNotFoundException::.ctor(System.String,System.Exception)
DA:15,0
LF:3
LH:0
BRF:0
BRH:0
FNF:3
FNH:0
end_of_record
SF:C:\Users\Nuri\Git\diabetia\backend\Diabetia\Diabetia.Application\Exceptions\FoodEventNotMatchException.cs
FN:10,System.Void Diabetia.Application.Exceptions.FoodEventNotMatchException::.ctor()
FNDA:0,System.Void Diabetia.Application.Exceptions.FoodEventNotMatchException::.ctor()
DA:11,0
FN:12,System.Void Diabetia.Application.Exceptions.FoodEventNotMatchException::.ctor(System.String)
FNDA:0,System.Void Diabetia.Application.Exceptions.FoodEventNotMatchException::.ctor(System.String)
DA:13,0
FN:14,System.Void Diabetia.Application.Exceptions.FoodEventNotMatchException::.ctor(System.String,System.Exception)
FNDA:0,System.Void Diabetia.Application.Exceptions.FoodEventNotMatchException::.ctor(System.String,System.Exception)
DA:15,0
LF:3
LH:0
BRF:0
BRH:0
FNF:3
FNH:0
end_of_record
SF:C:\Users\Nuri\Git\diabetia\backend\Diabetia\Diabetia.Application\Exceptions\GlucoseEventNotMatchExceptioncs.cs
FN:10,System.Void Diabetia.Application.Exceptions.GlucoseEventNotMatchException::.ctor()
FNDA:0,System.Void Diabetia.Application.Exceptions.GlucoseEventNotMatchException::.ctor()
DA:11,0
FN:12,System.Void Diabetia.Application.Exceptions.GlucoseEventNotMatchException::.ctor(System.String)
FNDA:0,System.Void Diabetia.Application.Exceptions.GlucoseEventNotMatchException::.ctor(System.String)
DA:13,0
FN:14,System.Void Diabetia.Application.Exceptions.GlucoseEventNotMatchException::.ctor(System.String,System.Exception)
FNDA:0,System.Void Diabetia.Application.Exceptions.GlucoseEventNotMatchException::.ctor(System.String,System.Exception)
DA:15,0
LF:3
LH:0
BRF:0
BRH:0
FNF:3
FNH:0
end_of_record
SF:C:\Users\Nuri\Git\diabetia\backend\Diabetia\Diabetia.Application\Exceptions\IngredientFoodRelationNotFoundException.cs
FN:10,System.Void Diabetia.Application.Exceptions.IngredientFoodRelationNotFoundException::.ctor()
FNDA:0,System.Void Diabetia.Application.Exceptions.IngredientFoodRelationNotFoundException::.ctor()
DA:11,0
FN:12,System.Void Diabetia.Application.Exceptions.IngredientFoodRelationNotFoundException::.ctor(System.String)
FNDA:0,System.Void Diabetia.Application.Exceptions.IngredientFoodRelationNotFoundException::.ctor(System.String)
DA:13,0
FN:14,System.Void Diabetia.Application.Exceptions.IngredientFoodRelationNotFoundException::.ctor(System.String,System.Exception)
FNDA:0,System.Void Diabetia.Application.Exceptions.IngredientFoodRelationNotFoundException::.ctor(System.String,System.Exception)
DA:15,0
LF:3
LH:0
BRF:0
BRH:0
FNF:3
FNH:0
end_of_record
SF:C:\Users\Nuri\Git\diabetia\backend\Diabetia\Diabetia.Application\Exceptions\InsulinEventNotMatchException.cs
FN:10,System.Void Diabetia.Application.Exceptions.InsulinEventNotMatchException::.ctor()
FNDA:0,System.Void Diabetia.Application.Exceptions.InsulinEventNotMatchException::.ctor()
DA:11,0
FN:12,System.Void Diabetia.Application.Exceptions.InsulinEventNotMatchException::.ctor(System.String)
FNDA:0,System.Void Diabetia.Application.Exceptions.InsulinEventNotMatchException::.ctor(System.String)
DA:13,0
FN:14,System.Void Diabetia.Application.Exceptions.InsulinEventNotMatchException::.ctor(System.String,System.Exception)
FNDA:0,System.Void Diabetia.Application.Exceptions.InsulinEventNotMatchException::.ctor(System.String,System.Exception)
DA:15,0
LF:3
LH:0
BRF:0
BRH:0
FNF:3
FNH:0
end_of_record
SF:C:\Users\Nuri\Git\diabetia\backend\Diabetia\Diabetia.Application\Exceptions\InvalidEmailException.cs
FN:5,System.Void Diabetia.Application.Exceptions.InvalidEmailException::.ctor()
FNDA:0,System.Void Diabetia.Application.Exceptions.InvalidEmailException::.ctor()
DA:6,0
FN:7,System.Void Diabetia.Application.Exceptions.InvalidEmailException::.ctor(System.String)
FNDA:0,System.Void Diabetia.Application.Exceptions.InvalidEmailException::.ctor(System.String)
DA:8,0
FN:9,System.Void Diabetia.Application.Exceptions.InvalidEmailException::.ctor(System.String,System.Exception)
FNDA:0,System.Void Diabetia.Application.Exceptions.InvalidEmailException::.ctor(System.String,System.Exception)
DA:10,0
LF:3
LH:0
BRF:0
BRH:0
FNF:3
FNH:0
end_of_record
SF:C:\Users\Nuri\Git\diabetia\backend\Diabetia\Diabetia.Application\Exceptions\MismatchUserPatientException.cs
FN:4,System.Void Diabetia.Application.Exceptions.MismatchUserPatientException::.ctor()
FNDA:0,System.Void Diabetia.Application.Exceptions.MismatchUserPatientException::.ctor()
DA:5,0
FN:6,System.Void Diabetia.Application.Exceptions.MismatchUserPatientException::.ctor(System.String)
FNDA:0,System.Void Diabetia.Application.Exceptions.MismatchUserPatientException::.ctor(System.String)
DA:7,0
FN:8,System.Void Diabetia.Application.Exceptions.MismatchUserPatientException::.ctor(System.String,System.Exception)
FNDA:0,System.Void Diabetia.Application.Exceptions.MismatchUserPatientException::.ctor(System.String,System.Exception)
DA:9,0
LF:3
LH:0
BRF:0
BRH:0
FNF:3
FNH:0
end_of_record
SF:C:\Users\Nuri\Git\diabetia\backend\Diabetia\Diabetia.Application\Exceptions\NoInformationUserException.cs
FN:5,System.Void Diabetia.Application.Exceptions.NoInformationUserException::.ctor()
FNDA:0,System.Void Diabetia.Application.Exceptions.NoInformationUserException::.ctor()
DA:6,0
FN:7,System.Void Diabetia.Application.Exceptions.NoInformationUserException::.ctor(System.String)
FNDA:0,System.Void Diabetia.Application.Exceptions.NoInformationUserException::.ctor(System.String)
DA:8,0
FN:9,System.Void Diabetia.Application.Exceptions.NoInformationUserException::.ctor(System.String,System.Exception)
FNDA:0,System.Void Diabetia.Application.Exceptions.NoInformationUserException::.ctor(System.String,System.Exception)
DA:10,0
LF:3
LH:0
BRF:0
BRH:0
FNF:3
FNH:0
end_of_record
SF:C:\Users\Nuri\Git\diabetia\backend\Diabetia\Diabetia.Application\Exceptions\PatientInsulinRelationNotFound.cs
FN:10,System.Void Diabetia.Application.Exceptions.PatientInsulinRelationNotFoundException::.ctor()
FNDA:0,System.Void Diabetia.Application.Exceptions.PatientInsulinRelationNotFoundException::.ctor()
DA:11,0
FN:12,System.Void Diabetia.Application.Exceptions.PatientInsulinRelationNotFoundException::.ctor(System.String)
FNDA:0,System.Void Diabetia.Application.Exceptions.PatientInsulinRelationNotFoundException::.ctor(System.String)
DA:13,0
FN:14,System.Void Diabetia.Application.Exceptions.PatientInsulinRelationNotFoundException::.ctor(System.String,System.Exception)
FNDA:0,System.Void Diabetia.Application.Exceptions.PatientInsulinRelationNotFoundException::.ctor(System.String,System.Exception)
DA:15,0
LF:3
LH:0
BRF:0
BRH:0
FNF:3
FNH:0
end_of_record
SF:C:\Users\Nuri\Git\diabetia\backend\Diabetia\Diabetia.Application\Exceptions\PatientNotFoundException.cs
FN:5,System.Void Diabetia.Application.Exceptions.PatientNotFoundException::.ctor()
FNDA:0,System.Void Diabetia.Application.Exceptions.PatientNotFoundException::.ctor()
DA:6,0
FN:7,System.Void Diabetia.Application.Exceptions.PatientNotFoundException::.ctor(System.String)
FNDA:0,System.Void Diabetia.Application.Exceptions.PatientNotFoundException::.ctor(System.String)
DA:8,0
FN:9,System.Void Diabetia.Application.Exceptions.PatientNotFoundException::.ctor(System.String,System.Exception)
FNDA:0,System.Void Diabetia.Application.Exceptions.PatientNotFoundException::.ctor(System.String,System.Exception)
DA:10,0
LF:3
LH:0
BRF:0
BRH:0
FNF:3
FNH:0
end_of_record
SF:C:\Users\Nuri\Git\diabetia\backend\Diabetia\Diabetia.Application\Exceptions\PhysicalEventNotMatchException.cs
FN:5,System.Void Diabetia.Application.Exceptions.PhysicalEventNotMatchException::.ctor()
FNDA:0,System.Void Diabetia.Application.Exceptions.PhysicalEventNotMatchException::.ctor()
DA:6,0
FN:7,System.Void Diabetia.Application.Exceptions.PhysicalEventNotMatchException::.ctor(System.String)
FNDA:0,System.Void Diabetia.Application.Exceptions.PhysicalEventNotMatchException::.ctor(System.String)
DA:8,0
FN:9,System.Void Diabetia.Application.Exceptions.PhysicalEventNotMatchException::.ctor(System.String,System.Exception)
FNDA:0,System.Void Diabetia.Application.Exceptions.PhysicalEventNotMatchException::.ctor(System.String,System.Exception)
DA:10,0
LF:3
LH:0
BRF:0
BRH:0
FNF:3
FNH:0
end_of_record
SF:C:\Users\Nuri\Git\diabetia\backend\Diabetia\Diabetia.Application\Exceptions\RecordatoryNotMatchException.cs
FN:4,System.Void Diabetia.Application.Exceptions.RecordatoryNotMatchException::.ctor()
FNDA:0,System.Void Diabetia.Application.Exceptions.RecordatoryNotMatchException::.ctor()
DA:5,0
FN:5,System.Void Diabetia.Application.Exceptions.RecordatoryNotMatchException::.ctor(System.String)
FNDA:0,System.Void Diabetia.Application.Exceptions.RecordatoryNotMatchException::.ctor(System.String)
DA:6,0
FN:6,System.Void Diabetia.Application.Exceptions.RecordatoryNotMatchException::.ctor(System.String,System.Exception)
FNDA:0,System.Void Diabetia.Application.Exceptions.RecordatoryNotMatchException::.ctor(System.String,System.Exception)
DA:7,0
LF:3
LH:0
BRF:0
BRH:0
FNF:3
FNH:0
end_of_record
SF:C:\Users\Nuri\Git\diabetia\backend\Diabetia\Diabetia.Application\Exceptions\UserEventNotFoundException.cs
FN:4,System.Void Diabetia.Application.Exceptions.UserEventNotFoundException::.ctor()
FNDA:0,System.Void Diabetia.Application.Exceptions.UserEventNotFoundException::.ctor()
DA:5,0
FN:6,System.Void Diabetia.Application.Exceptions.UserEventNotFoundException::.ctor(System.String)
FNDA:0,System.Void Diabetia.Application.Exceptions.UserEventNotFoundException::.ctor(System.String)
DA:7,0
FN:8,System.Void Diabetia.Application.Exceptions.UserEventNotFoundException::.ctor(System.String,System.Exception)
FNDA:0,System.Void Diabetia.Application.Exceptions.UserEventNotFoundException::.ctor(System.String,System.Exception)
DA:9,0
LF:3
LH:0
BRF:0
BRH:0
FNF:3
FNH:0
end_of_record
SF:C:\Users\Nuri\Git\diabetia\backend\Diabetia\Diabetia.Application\Exceptions\UsernameNotFoundException.cs
FN:5,System.Void Diabetia.Application.Exceptions.UsernameNotFoundException::.ctor()
FNDA:0,System.Void Diabetia.Application.Exceptions.UsernameNotFoundException::.ctor()
DA:6,0
FN:7,System.Void Diabetia.Application.Exceptions.UsernameNotFoundException::.ctor(System.String)
FNDA:0,System.Void Diabetia.Application.Exceptions.UsernameNotFoundException::.ctor(System.String)
DA:8,0
FN:9,System.Void Diabetia.Application.Exceptions.UsernameNotFoundException::.ctor(System.String,System.Exception)
FNDA:0,System.Void Diabetia.Application.Exceptions.UsernameNotFoundException::.ctor(System.String,System.Exception)
DA:10,0
LF:3
LH:0
BRF:0
BRH:0
FNF:3
FNH:0
end_of_record
SF:C:\Users\Nuri\Git\diabetia\backend\Diabetia\Diabetia.Application\Exceptions\UserNotAuthorizedException.cs
FN:5,System.Void Diabetia.Application.Exceptions.UserNotAuthorizedException::.ctor()
FNDA:0,System.Void Diabetia.Application.Exceptions.UserNotAuthorizedException::.ctor()
DA:6,0
FN:7,System.Void Diabetia.Application.Exceptions.UserNotAuthorizedException::.ctor(System.String)
FNDA:0,System.Void Diabetia.Application.Exceptions.UserNotAuthorizedException::.ctor(System.String)
DA:8,0
FN:9,System.Void Diabetia.Application.Exceptions.UserNotAuthorizedException::.ctor(System.String,System.Exception)
FNDA:0,System.Void Diabetia.Application.Exceptions.UserNotAuthorizedException::.ctor(System.String,System.Exception)
DA:10,0
LF:3
LH:0
BRF:0
BRH:0
FNF:3
FNH:0
end_of_record
SF:C:\Users\Nuri\Git\diabetia\backend\Diabetia\Diabetia.Application\Exceptions\UserNotFoundOnDBException.cs
FN:4,System.Void Diabetia.Application.Exceptions.UserNotFoundOnDBException::.ctor()
FNDA:0,System.Void Diabetia.Application.Exceptions.UserNotFoundOnDBException::.ctor()
DA:5,0
FN:6,System.Void Diabetia.Application.Exceptions.UserNotFoundOnDBException::.ctor(System.String)
FNDA:0,System.Void Diabetia.Application.Exceptions.UserNotFoundOnDBException::.ctor(System.String)
DA:7,0
FN:8,System.Void Diabetia.Application.Exceptions.UserNotFoundOnDBException::.ctor(System.String,System.Exception)
FNDA:0,System.Void Diabetia.Application.Exceptions.UserNotFoundOnDBException::.ctor(System.String,System.Exception)
DA:9,0
LF:3
LH:0
BRF:0
BRH:0
FNF:3
FNH:0
end_of_record
SF:C:\Users\Nuri\Git\diabetia\backend\Diabetia\Diabetia.Common\Securization\JwtSettings.cs
FN:2,System.String JwtSettings::get_SecretKey()
FNDA:0,System.String JwtSettings::get_SecretKey()
DA:3,0
FN:3,System.String JwtSettings::get_Issuer()
FNDA:0,System.String JwtSettings::get_Issuer()
DA:4,0
FN:4,System.String JwtSettings::get_Audience()
FNDA:0,System.String JwtSettings::get_Audience()
DA:5,0
LF:3
LH:0
BRF:0
BRH:0
FNF:3
FNH:0
end_of_record
SF:C:\Users\Nuri\Git\diabetia\backend\Diabetia\Diabetia.Common\Utilities\DateFilter.cs
FN:10,System.Nullable`1<System.DateTime> Diabetia.Common.Utilities.DateFilter::get_DateFrom()
FNDA:0,System.Nullable`1<System.DateTime> Diabetia.Common.Utilities.DateFilter::get_DateFrom()
DA:11,0
FN:11,System.Nullable`1<System.DateTime> Diabetia.Common.Utilities.DateFilter::get_DateTo()
FNDA:0,System.Nullable`1<System.DateTime> Diabetia.Common.Utilities.DateFilter::get_DateTo()
DA:12,0
LF:2
LH:0
BRF:0
BRH:0
FNF:2
FNH:0
end_of_record
SF:C:\Users\Nuri\Git\diabetia\backend\Diabetia\Diabetia.Common\Utilities\EmailValidator.cs
FN:9,System.Boolean Diabetia.Common.Utilities.EmailValidator::IsValidEmail(System.String)
FNDA:0,System.Boolean Diabetia.Common.Utilities.EmailValidator::IsValidEmail(System.String)
DA:10,0
DA:12,0
DA:14,0
DA:15,0
BRDA:10,6,0,0
BRDA:10,6,1,0
LF:4
LH:0
BRF:2
BRH:0
FNF:1
FNH:0
end_of_record
SF:C:\Users\Nuri\Git\diabetia\backend\Diabetia\Diabetia.Common\Utilities\InputValidator.cs
FN:12,System.Boolean Diabetia.Common.Utilities.InputValidator::IsEmail(System.String)
FNDA:0,System.Boolean Diabetia.Common.Utilities.InputValidator::IsEmail(System.String)
DA:13,0
DA:15,0
DA:17,0
BRDA:13,6,0,0
BRDA:13,6,1,0
FN:21,System.Boolean Diabetia.Common.Utilities.InputValidator::IsText(System.String)
FNDA:0,System.Boolean Diabetia.Common.Utilities.InputValidator::IsText(System.String)
DA:22,0
DA:24,0
DA:26,0
BRDA:22,6,0,0
BRDA:22,6,1,0
FN:7,System.Void Diabetia.Common.Utilities.InputValidator::.ctor()
FNDA:0,System.Void Diabetia.Common.Utilities.InputValidator::.ctor()
DA:8,0
DA:9,0
LF:8
LH:0
BRF:4
BRH:0
FNF:3
FNH:0
end_of_record
SF:C:\Users\Nuri\Git\diabetia\backend\Diabetia\Diabetia.Domain\Models\ActividadFisica.cs
FN:12,System.Int32 Diabetia.Domain.Models.ActividadFisica::get_Id()
FNDA:0,System.Int32 Diabetia.Domain.Models.ActividadFisica::get_Id()
DA:13,0
FN:13,System.String Diabetia.Domain.Models.ActividadFisica::get_Nombre()
FNDA:0,System.String Diabetia.Domain.Models.ActividadFisica::get_Nombre()
DA:14,0
FN:15,System.Collections.Generic.ICollection`1<Diabetia.Domain.Models.EventoActividadFisica> Diabetia.Domain.Models.ActividadFisica::get_EventoActividadFisicas()
FNDA:0,System.Collections.Generic.ICollection`1<Diabetia.Domain.Models.EventoActividadFisica> Diabetia.Domain.Models.ActividadFisica::get_EventoActividadFisicas()
DA:16,0
FN:7,System.Void Diabetia.Domain.Models.ActividadFisica::.ctor()
FNDA:0,System.Void Diabetia.Domain.Models.ActividadFisica::.ctor()
DA:8,0
DA:10,0
DA:11,0
LF:6
LH:0
BRF:0
BRH:0
FNF:4
FNH:0
end_of_record
SF:C:\Users\Nuri\Git\diabetia\backend\Diabetia\Diabetia.Domain\Models\CargaEvento.cs
FN:20,System.Int32 Diabetia.Domain.Models.CargaEvento::get_Id()
FNDA:0,System.Int32 Diabetia.Domain.Models.CargaEvento::get_Id()
DA:21,0
FN:21,System.Int32 Diabetia.Domain.Models.CargaEvento::get_IdPaciente()
FNDA:0,System.Int32 Diabetia.Domain.Models.CargaEvento::get_IdPaciente()
DA:22,0
FN:22,System.Int32 Diabetia.Domain.Models.CargaEvento::get_IdTipoEvento()
FNDA:0,System.Int32 Diabetia.Domain.Models.CargaEvento::get_IdTipoEvento()
DA:23,0
FN:23,System.Nullable`1<System.DateTime> Diabetia.Domain.Models.CargaEvento::get_FechaActual()
FNDA:0,System.Nullable`1<System.DateTime> Diabetia.Domain.Models.CargaEvento::get_FechaActual()
DA:24,0
FN:24,System.DateTime Diabetia.Domain.Models.CargaEvento::get_FechaEvento()
FNDA:0,System.DateTime Diabetia.Domain.Models.CargaEvento::get_FechaEvento()
DA:25,0
FN:25,System.String Diabetia.Domain.Models.CargaEvento::get_NotaLibre()
FNDA:0,System.String Diabetia.Domain.Models.CargaEvento::get_NotaLibre()
DA:26,0
FN:26,System.Nullable`1<System.Boolean> Diabetia.Domain.Models.CargaEvento::get_FueRealizado()
FNDA:0,System.Nullable`1<System.Boolean> Diabetia.Domain.Models.CargaEvento::get_FueRealizado()
DA:27,0
FN:27,System.Nullable`1<System.Boolean> Diabetia.Domain.Models.CargaEvento::get_EsNotaLibre()
FNDA:0,System.Nullable`1<System.Boolean> Diabetia.Domain.Models.CargaEvento::get_EsNotaLibre()
DA:28,0
FN:29,Diabetia.Domain.Models.Paciente Diabetia.Domain.Models.CargaEvento::get_IdPacienteNavigation()
FNDA:0,Diabetia.Domain.Models.Paciente Diabetia.Domain.Models.CargaEvento::get_IdPacienteNavigation()
DA:30,0
FN:30,Diabetia.Domain.Models.TipoEvento Diabetia.Domain.Models.CargaEvento::get_IdTipoEventoNavigation()
FNDA:0,Diabetia.Domain.Models.TipoEvento Diabetia.Domain.Models.CargaEvento::get_IdTipoEventoNavigation()
DA:31,0
FN:31,System.Collections.Generic.ICollection`1<Diabetia.Domain.Models.EventoActividadFisica> Diabetia.Domain.Models.CargaEvento::get_EventoActividadFisicas()
FNDA:0,System.Collections.Generic.ICollection`1<Diabetia.Domain.Models.EventoActividadFisica> Diabetia.Domain.Models.CargaEvento::get_EventoActividadFisicas()
DA:32,0
FN:32,System.Collections.Generic.ICollection`1<Diabetia.Domain.Models.EventoComidum> Diabetia.Domain.Models.CargaEvento::get_EventoComida()
FNDA:0,System.Collections.Generic.ICollection`1<Diabetia.Domain.Models.EventoComidum> Diabetia.Domain.Models.CargaEvento::get_EventoComida()
DA:33,0
FN:33,System.Collections.Generic.ICollection`1<Diabetia.Domain.Models.EventoEstudio> Diabetia.Domain.Models.CargaEvento::get_EventoEstudios()
FNDA:0,System.Collections.Generic.ICollection`1<Diabetia.Domain.Models.EventoEstudio> Diabetia.Domain.Models.CargaEvento::get_EventoEstudios()
DA:34,0
FN:34,System.Collections.Generic.ICollection`1<Diabetia.Domain.Models.EventoGlucosa> Diabetia.Domain.Models.CargaEvento::get_EventoGlucosas()
FNDA:0,System.Collections.Generic.ICollection`1<Diabetia.Domain.Models.EventoGlucosa> Diabetia.Domain.Models.CargaEvento::get_EventoGlucosas()
DA:35,0
FN:35,System.Collections.Generic.ICollection`1<Diabetia.Domain.Models.EventoInsulina> Diabetia.Domain.Models.CargaEvento::get_EventoInsulinas()
FNDA:0,System.Collections.Generic.ICollection`1<Diabetia.Domain.Models.EventoInsulina> Diabetia.Domain.Models.CargaEvento::get_EventoInsulinas()
DA:36,0
FN:36,System.Collections.Generic.ICollection`1<Diabetia.Domain.Models.EventoSalud> Diabetia.Domain.Models.CargaEvento::get_EventoSaluds()
FNDA:0,System.Collections.Generic.ICollection`1<Diabetia.Domain.Models.EventoSalud> Diabetia.Domain.Models.CargaEvento::get_EventoSaluds()
DA:37,0
FN:37,System.Collections.Generic.ICollection`1<Diabetia.Domain.Models.EventoVisitaMedica> Diabetia.Domain.Models.CargaEvento::get_EventoVisitaMedicas()
FNDA:0,System.Collections.Generic.ICollection`1<Diabetia.Domain.Models.EventoVisitaMedica> Diabetia.Domain.Models.CargaEvento::get_EventoVisitaMedicas()
DA:38,0
FN:38,System.Collections.Generic.ICollection`1<Diabetia.Domain.Models.Feedback> Diabetia.Domain.Models.CargaEvento::get_Feedbacks()
FNDA:0,System.Collections.Generic.ICollection`1<Diabetia.Domain.Models.Feedback> Diabetia.Domain.Models.CargaEvento::get_Feedbacks()
DA:39,0
FN:39,System.Collections.Generic.ICollection`1<Diabetia.Domain.Models.RecordatorioEvento> Diabetia.Domain.Models.CargaEvento::get_RecordatorioEventos()
FNDA:0,System.Collections.Generic.ICollection`1<Diabetia.Domain.Models.RecordatorioEvento> Diabetia.Domain.Models.CargaEvento::get_RecordatorioEventos()
DA:40,0
FN:7,System.Void Diabetia.Domain.Models.CargaEvento::.ctor()
FNDA:0,System.Void Diabetia.Domain.Models.CargaEvento::.ctor()
DA:8,0
DA:10,0
DA:11,0
DA:12,0
DA:13,0
DA:14,0
DA:15,0
DA:16,0
DA:17,0
DA:18,0
DA:19,0
LF:30
LH:0
BRF:0
BRH:0
FNF:20
FNH:0
end_of_record
SF:C:\Users\Nuri\Git\diabetia\backend\Diabetia\Diabetia.Domain\Models\DiaSemana.cs
FN:12,System.Int32 Diabetia.Domain.Models.DiaSemana::get_Id()
FNDA:0,System.Int32 Diabetia.Domain.Models.DiaSemana::get_Id()
DA:13,0
FN:13,System.String Diabetia.Domain.Models.DiaSemana::get_Dia()
FNDA:0,System.String Diabetia.Domain.Models.DiaSemana::get_Dia()
DA:14,0
FN:15,System.Collections.Generic.ICollection`1<Diabetia.Domain.Models.RecordatorioEvento> Diabetia.Domain.Models.DiaSemana::get_RecordatorioEventos()
FNDA:0,System.Collections.Generic.ICollection`1<Diabetia.Domain.Models.RecordatorioEvento> Diabetia.Domain.Models.DiaSemana::get_RecordatorioEventos()
DA:16,0
FN:7,System.Void Diabetia.Domain.Models.DiaSemana::.ctor()
FNDA:0,System.Void Diabetia.Domain.Models.DiaSemana::.ctor()
DA:8,0
DA:10,0
DA:11,0
LF:6
LH:0
BRF:0
BRH:0
FNF:4
FNH:0
end_of_record
SF:C:\Users\Nuri\Git\diabetia\backend\Diabetia\Diabetia.Domain\Models\Dispositivo.cs
FN:13,System.Int32 Diabetia.Domain.Models.Dispositivo::get_Id()
FNDA:0,System.Int32 Diabetia.Domain.Models.Dispositivo::get_Id()
DA:14,0
FN:14,System.String Diabetia.Domain.Models.Dispositivo::get_Tipo()
FNDA:0,System.String Diabetia.Domain.Models.Dispositivo::get_Tipo()
DA:15,0
FN:15,System.String Diabetia.Domain.Models.Dispositivo::get_Marca()
FNDA:0,System.String Diabetia.Domain.Models.Dispositivo::get_Marca()
DA:16,0
FN:17,System.Collections.Generic.ICollection`1<Diabetia.Domain.Models.DispositivoPaciente> Diabetia.Domain.Models.Dispositivo::get_DispositivoPacientes()
FNDA:0,System.Collections.Generic.ICollection`1<Diabetia.Domain.Models.DispositivoPaciente> Diabetia.Domain.Models.Dispositivo::get_DispositivoPacientes()
DA:18,0
FN:18,System.Collections.Generic.ICollection`1<Diabetia.Domain.Models.EventoGlucosa> Diabetia.Domain.Models.Dispositivo::get_EventoGlucosas()
FNDA:0,System.Collections.Generic.ICollection`1<Diabetia.Domain.Models.EventoGlucosa> Diabetia.Domain.Models.Dispositivo::get_EventoGlucosas()
DA:19,0
FN:7,System.Void Diabetia.Domain.Models.Dispositivo::.ctor()
FNDA:0,System.Void Diabetia.Domain.Models.Dispositivo::.ctor()
DA:8,0
DA:10,0
DA:11,0
DA:12,0
LF:9
LH:0
BRF:0
BRH:0
FNF:6
FNH:0
end_of_record
SF:C:\Users\Nuri\Git\diabetia\backend\Diabetia\Diabetia.Domain\Models\DispositivoPaciente.cs
FN:7,System.Int32 Diabetia.Domain.Models.DispositivoPaciente::get_Id()
FNDA:0,System.Int32 Diabetia.Domain.Models.DispositivoPaciente::get_Id()
DA:8,0
FN:8,System.Int32 Diabetia.Domain.Models.DispositivoPaciente::get_IdPaciente()
FNDA:0,System.Int32 Diabetia.Domain.Models.DispositivoPaciente::get_IdPaciente()
DA:9,0
FN:9,System.Nullable`1<System.Int32> Diabetia.Domain.Models.DispositivoPaciente::get_IdDispositivo()
FNDA:0,System.Nullable`1<System.Int32> Diabetia.Domain.Models.DispositivoPaciente::get_IdDispositivo()
DA:10,0
FN:10,System.Nullable`1<System.Int32> Diabetia.Domain.Models.DispositivoPaciente::get_Frecuencia()
FNDA:0,System.Nullable`1<System.Int32> Diabetia.Domain.Models.DispositivoPaciente::get_Frecuencia()
DA:11,0
FN:12,Diabetia.Domain.Models.Dispositivo Diabetia.Domain.Models.DispositivoPaciente::get_IdDispositivoNavigation()
FNDA:0,Diabetia.Domain.Models.Dispositivo Diabetia.Domain.Models.DispositivoPaciente::get_IdDispositivoNavigation()
DA:13,0
FN:13,Diabetia.Domain.Models.Paciente Diabetia.Domain.Models.DispositivoPaciente::get_IdPacienteNavigation()
FNDA:0,Diabetia.Domain.Models.Paciente Diabetia.Domain.Models.DispositivoPaciente::get_IdPacienteNavigation()
DA:14,0
LF:6
LH:0
BRF:0
BRH:0
FNF:6
FNH:0
end_of_record
SF:C:\Users\Nuri\Git\diabetia\backend\Diabetia\Diabetia.Domain\Models\EncargadoLegal.cs
FN:7,System.Int32 Diabetia.Domain.Models.EncargadoLegal::get_Id()
FNDA:0,System.Int32 Diabetia.Domain.Models.EncargadoLegal::get_Id()
DA:8,0
FN:8,System.Int32 Diabetia.Domain.Models.EncargadoLegal::get_IdPaciente()
FNDA:0,System.Int32 Diabetia.Domain.Models.EncargadoLegal::get_IdPaciente()
DA:9,0
FN:9,System.Int32 Diabetia.Domain.Models.EncargadoLegal::get_IdUsuario()
FNDA:0,System.Int32 Diabetia.Domain.Models.EncargadoLegal::get_IdUsuario()
DA:10,0
FN:10,System.String Diabetia.Domain.Models.EncargadoLegal::get_RelacionConPaciente()
FNDA:0,System.String Diabetia.Domain.Models.EncargadoLegal::get_RelacionConPaciente()
DA:11,0
FN:11,System.Boolean Diabetia.Domain.Models.EncargadoLegal::get_PuedeEditarDatos()
FNDA:0,System.Boolean Diabetia.Domain.Models.EncargadoLegal::get_PuedeEditarDatos()
DA:12,0
FN:13,Diabetia.Domain.Models.Paciente Diabetia.Domain.Models.EncargadoLegal::get_IdPacienteNavigation()
FNDA:0,Diabetia.Domain.Models.Paciente Diabetia.Domain.Models.EncargadoLegal::get_IdPacienteNavigation()
DA:14,0
FN:14,Diabetia.Domain.Models.Usuario Diabetia.Domain.Models.EncargadoLegal::get_IdUsuarioNavigation()
FNDA:0,Diabetia.Domain.Models.Usuario Diabetia.Domain.Models.EncargadoLegal::get_IdUsuarioNavigation()
DA:15,0
LF:7
LH:0
BRF:0
BRH:0
FNF:7
FNH:0
end_of_record
SF:C:\Users\Nuri\Git\diabetia\backend\Diabetia\Diabetia.Domain\Models\Enfermedad.cs
FN:13,System.Int32 Diabetia.Domain.Models.Enfermedad::get_Id()
FNDA:0,System.Int32 Diabetia.Domain.Models.Enfermedad::get_Id()
DA:14,0
FN:14,System.String Diabetia.Domain.Models.Enfermedad::get_Nombre()
FNDA:0,System.String Diabetia.Domain.Models.Enfermedad::get_Nombre()
DA:15,0
FN:15,System.Boolean Diabetia.Domain.Models.Enfermedad::get_EsCronica()
FNDA:0,System.Boolean Diabetia.Domain.Models.Enfermedad::get_EsCronica()
DA:16,0
FN:17,System.Collections.Generic.ICollection`1<Diabetia.Domain.Models.EventoSalud> Diabetia.Domain.Models.Enfermedad::get_EventoSaluds()
FNDA:0,System.Collections.Generic.ICollection`1<Diabetia.Domain.Models.EventoSalud> Diabetia.Domain.Models.Enfermedad::get_EventoSaluds()
DA:18,0
FN:18,System.Collections.Generic.ICollection`1<Diabetia.Domain.Models.PacienteEnfermedadPreexistente> Diabetia.Domain.Models.Enfermedad::get_PacienteEnfermedadPreexistentes()
FNDA:0,System.Collections.Generic.ICollection`1<Diabetia.Domain.Models.PacienteEnfermedadPreexistente> Diabetia.Domain.Models.Enfermedad::get_PacienteEnfermedadPreexistentes()
DA:19,0
FN:7,System.Void Diabetia.Domain.Models.Enfermedad::.ctor()
FNDA:0,System.Void Diabetia.Domain.Models.Enfermedad::.ctor()
DA:8,0
DA:10,0
DA:11,0
DA:12,0
LF:9
LH:0
BRF:0
BRH:0
FNF:6
FNH:0
end_of_record
SF:C:\Users\Nuri\Git\diabetia\backend\Diabetia\Diabetia.Domain\Models\Especialidad.cs
FN:12,System.Int32 Diabetia.Domain.Models.Especialidad::get_Id()
FNDA:0,System.Int32 Diabetia.Domain.Models.Especialidad::get_Id()
DA:13,0
FN:13,System.String Diabetia.Domain.Models.Especialidad::get_NombreEspecialidad()
FNDA:0,System.String Diabetia.Domain.Models.Especialidad::get_NombreEspecialidad()
DA:14,0
FN:15,System.Collections.Generic.ICollection`1<Diabetia.Domain.Models.Profesional> Diabetia.Domain.Models.Especialidad::get_Profesionals()
FNDA:0,System.Collections.Generic.ICollection`1<Diabetia.Domain.Models.Profesional> Diabetia.Domain.Models.Especialidad::get_Profesionals()
DA:16,0
FN:7,System.Void Diabetia.Domain.Models.Especialidad::.ctor()
FNDA:0,System.Void Diabetia.Domain.Models.Especialidad::.ctor()
DA:8,0
DA:10,0
DA:11,0
LF:6
LH:0
BRF:0
BRH:0
FNF:4
FNH:0
end_of_record
SF:C:\Users\Nuri\Git\diabetia\backend\Diabetia\Diabetia.Domain\Models\EventoActividadFisica.cs
FN:7,System.Int32 Diabetia.Domain.Models.EventoActividadFisica::get_Id()
FNDA:0,System.Int32 Diabetia.Domain.Models.EventoActividadFisica::get_Id()
DA:8,0
FN:8,System.Int32 Diabetia.Domain.Models.EventoActividadFisica::get_IdCargaEvento()
FNDA:0,System.Int32 Diabetia.Domain.Models.EventoActividadFisica::get_IdCargaEvento()
DA:9,0
FN:9,System.Int32 Diabetia.Domain.Models.EventoActividadFisica::get_IdActividadFisica()
FNDA:0,System.Int32 Diabetia.Domain.Models.EventoActividadFisica::get_IdActividadFisica()
DA:10,0
FN:10,System.Int32 Diabetia.Domain.Models.EventoActividadFisica::get_Duracion()
FNDA:0,System.Int32 Diabetia.Domain.Models.EventoActividadFisica::get_Duracion()
DA:11,0
FN:12,Diabetia.Domain.Models.ActividadFisica Diabetia.Domain.Models.EventoActividadFisica::get_IdActividadFisicaNavigation()
FNDA:0,Diabetia.Domain.Models.ActividadFisica Diabetia.Domain.Models.EventoActividadFisica::get_IdActividadFisicaNavigation()
DA:13,0
FN:13,Diabetia.Domain.Models.CargaEvento Diabetia.Domain.Models.EventoActividadFisica::get_IdCargaEventoNavigation()
FNDA:0,Diabetia.Domain.Models.CargaEvento Diabetia.Domain.Models.EventoActividadFisica::get_IdCargaEventoNavigation()
DA:14,0
LF:6
LH:0
BRF:0
BRH:0
FNF:6
FNH:0
end_of_record
SF:C:\Users\Nuri\Git\diabetia\backend\Diabetia\Diabetia.Domain\Models\EventoComidum.cs
FN:13,System.Int32 Diabetia.Domain.Models.EventoComidum::get_Id()
FNDA:0,System.Int32 Diabetia.Domain.Models.EventoComidum::get_Id()
DA:14,0
FN:14,System.Int32 Diabetia.Domain.Models.EventoComidum::get_IdCargaEvento()
FNDA:0,System.Int32 Diabetia.Domain.Models.EventoComidum::get_IdCargaEvento()
DA:15,0
FN:15,System.Int32 Diabetia.Domain.Models.EventoComidum::get_IdTipoCargaComida()
FNDA:0,System.Int32 Diabetia.Domain.Models.EventoComidum::get_IdTipoCargaComida()
DA:16,0
FN:16,System.Decimal Diabetia.Domain.Models.EventoComidum::get_Carbohidratos()
FNDA:0,System.Decimal Diabetia.Domain.Models.EventoComidum::get_Carbohidratos()
DA:17,0
FN:17,System.Nullable`1<System.Decimal> Diabetia.Domain.Models.EventoComidum::get_Proteinas()
FNDA:0,System.Nullable`1<System.Decimal> Diabetia.Domain.Models.EventoComidum::get_Proteinas()
DA:18,0
FN:18,System.Nullable`1<System.Decimal> Diabetia.Domain.Models.EventoComidum::get_GrasasTotales()
FNDA:0,System.Nullable`1<System.Decimal> Diabetia.Domain.Models.EventoComidum::get_GrasasTotales()
DA:19,0
FN:19,System.Nullable`1<System.Decimal> Diabetia.Domain.Models.EventoComidum::get_FibraAlimentaria()
FNDA:0,System.Nullable`1<System.Decimal> Diabetia.Domain.Models.EventoComidum::get_FibraAlimentaria()
DA:20,0
FN:20,System.Nullable`1<System.Decimal> Diabetia.Domain.Models.EventoComidum::get_Sodio()
FNDA:0,System.Nullable`1<System.Decimal> Diabetia.Domain.Models.EventoComidum::get_Sodio()
DA:21,0
FN:21,System.String Diabetia.Domain.Models.EventoComidum::get_Imagen()
FNDA:0,System.String Diabetia.Domain.Models.EventoComidum::get_Imagen()
DA:22,0
FN:22,System.Nullable`1<System.Boolean> Diabetia.Domain.Models.EventoComidum::get_FueHipo()
FNDA:0,System.Nullable`1<System.Boolean> Diabetia.Domain.Models.EventoComidum::get_FueHipo()
DA:23,0
FN:24,Diabetia.Domain.Models.CargaEvento Diabetia.Domain.Models.EventoComidum::get_IdCargaEventoNavigation()
FNDA:0,Diabetia.Domain.Models.CargaEvento Diabetia.Domain.Models.EventoComidum::get_IdCargaEventoNavigation()
DA:25,0
FN:25,Diabetia.Domain.Models.TipoCargaComidum Diabetia.Domain.Models.EventoComidum::get_IdTipoCargaComidaNavigation()
FNDA:0,Diabetia.Domain.Models.TipoCargaComidum Diabetia.Domain.Models.EventoComidum::get_IdTipoCargaComidaNavigation()
DA:26,0
FN:26,System.Collections.Generic.ICollection`1<Diabetia.Domain.Models.EventoInsulina> Diabetia.Domain.Models.EventoComidum::get_EventoInsulinas()
FNDA:0,System.Collections.Generic.ICollection`1<Diabetia.Domain.Models.EventoInsulina> Diabetia.Domain.Models.EventoComidum::get_EventoInsulinas()
DA:27,0
FN:27,System.Collections.Generic.ICollection`1<Diabetia.Domain.Models.IngredienteComidum> Diabetia.Domain.Models.EventoComidum::get_IngredienteComida()
FNDA:0,System.Collections.Generic.ICollection`1<Diabetia.Domain.Models.IngredienteComidum> Diabetia.Domain.Models.EventoComidum::get_IngredienteComida()
DA:28,0
FN:7,System.Void Diabetia.Domain.Models.EventoComidum::.ctor()
FNDA:0,System.Void Diabetia.Domain.Models.EventoComidum::.ctor()
DA:8,0
DA:10,0
DA:11,0
DA:12,0
LF:18
LH:0
BRF:0
BRH:0
FNF:15
FNH:0
end_of_record
SF:C:\Users\Nuri\Git\diabetia\backend\Diabetia\Diabetia.Domain\Models\EventoEstudio.cs
FN:7,System.Int32 Diabetia.Domain.Models.EventoEstudio::get_Id()
FNDA:0,System.Int32 Diabetia.Domain.Models.EventoEstudio::get_Id()
DA:8,0
FN:8,System.Nullable`1<System.Int32> Diabetia.Domain.Models.EventoEstudio::get_IdProfesional()
FNDA:0,System.Nullable`1<System.Int32> Diabetia.Domain.Models.EventoEstudio::get_IdProfesional()
DA:9,0
FN:9,System.Int32 Diabetia.Domain.Models.EventoEstudio::get_IdCargaEvento()
FNDA:0,System.Int32 Diabetia.Domain.Models.EventoEstudio::get_IdCargaEvento()
DA:10,0
FN:10,System.String Diabetia.Domain.Models.EventoEstudio::get_Archivo()
FNDA:0,System.String Diabetia.Domain.Models.EventoEstudio::get_Archivo()
DA:11,0
FN:11,System.String Diabetia.Domain.Models.EventoEstudio::get_TipoEstudio()
FNDA:0,System.String Diabetia.Domain.Models.EventoEstudio::get_TipoEstudio()
DA:12,0
FN:13,Diabetia.Domain.Models.CargaEvento Diabetia.Domain.Models.EventoEstudio::get_IdCargaEventoNavigation()
FNDA:0,Diabetia.Domain.Models.CargaEvento Diabetia.Domain.Models.EventoEstudio::get_IdCargaEventoNavigation()
DA:14,0
FN:14,Diabetia.Domain.Models.Profesional Diabetia.Domain.Models.EventoEstudio::get_IdProfesionalNavigation()
FNDA:0,Diabetia.Domain.Models.Profesional Diabetia.Domain.Models.EventoEstudio::get_IdProfesionalNavigation()
DA:15,0
LF:7
LH:0
BRF:0
BRH:0
FNF:7
FNH:0
end_of_record
SF:C:\Users\Nuri\Git\diabetia\backend\Diabetia\Diabetia.Domain\Models\EventoGlucosa.cs
FN:7,System.Int32 Diabetia.Domain.Models.EventoGlucosa::get_Id()
FNDA:0,System.Int32 Diabetia.Domain.Models.EventoGlucosa::get_Id()
DA:8,0
FN:8,System.Int32 Diabetia.Domain.Models.EventoGlucosa::get_IdCargaEvento()
FNDA:0,System.Int32 Diabetia.Domain.Models.EventoGlucosa::get_IdCargaEvento()
DA:9,0
FN:9,System.Nullable`1<System.Int32> Diabetia.Domain.Models.EventoGlucosa::get_IdDispositivoPaciente()
FNDA:0,System.Nullable`1<System.Int32> Diabetia.Domain.Models.EventoGlucosa::get_IdDispositivoPaciente()
DA:10,0
FN:10,System.Nullable`1<System.Int32> Diabetia.Domain.Models.EventoGlucosa::get_IdEventoComida()
FNDA:0,System.Nullable`1<System.Int32> Diabetia.Domain.Models.EventoGlucosa::get_IdEventoComida()
DA:11,0
FN:11,System.Decimal Diabetia.Domain.Models.EventoGlucosa::get_Glucemia()
FNDA:0,System.Decimal Diabetia.Domain.Models.EventoGlucosa::get_Glucemia()
DA:12,0
FN:12,System.Nullable`1<System.Boolean> Diabetia.Domain.Models.EventoGlucosa::get_MedicionPostComida()
FNDA:0,System.Nullable`1<System.Boolean> Diabetia.Domain.Models.EventoGlucosa::get_MedicionPostComida()
DA:13,0
FN:14,Diabetia.Domain.Models.CargaEvento Diabetia.Domain.Models.EventoGlucosa::get_IdCargaEventoNavigation()
FNDA:0,Diabetia.Domain.Models.CargaEvento Diabetia.Domain.Models.EventoGlucosa::get_IdCargaEventoNavigation()
DA:15,0
FN:15,Diabetia.Domain.Models.Dispositivo Diabetia.Domain.Models.EventoGlucosa::get_IdDispositivoPacienteNavigation()
FNDA:0,Diabetia.Domain.Models.Dispositivo Diabetia.Domain.Models.EventoGlucosa::get_IdDispositivoPacienteNavigation()
DA:16,0
LF:8
LH:0
BRF:0
BRH:0
FNF:8
FNH:0
end_of_record
SF:C:\Users\Nuri\Git\diabetia\backend\Diabetia\Diabetia.Domain\Models\EventoInsulina.cs
FN:7,System.Int32 Diabetia.Domain.Models.EventoInsulina::get_Id()
FNDA:0,System.Int32 Diabetia.Domain.Models.EventoInsulina::get_Id()
DA:8,0
FN:8,System.Int32 Diabetia.Domain.Models.EventoInsulina::get_IdCargaEvento()
FNDA:0,System.Int32 Diabetia.Domain.Models.EventoInsulina::get_IdCargaEvento()
DA:9,0
FN:9,System.Int32 Diabetia.Domain.Models.EventoInsulina::get_IdInsulinaPaciente()
FNDA:0,System.Int32 Diabetia.Domain.Models.EventoInsulina::get_IdInsulinaPaciente()
DA:10,0
FN:10,System.Nullable`1<System.Int32> Diabetia.Domain.Models.EventoInsulina::get_IdEventoComida()
FNDA:0,System.Nullable`1<System.Int32> Diabetia.Domain.Models.EventoInsulina::get_IdEventoComida()
DA:11,0
FN:11,System.Nullable`1<System.Int32> Diabetia.Domain.Models.EventoInsulina::get_InsulinaRecomendada()
FNDA:0,System.Nullable`1<System.Int32> Diabetia.Domain.Models.EventoInsulina::get_InsulinaRecomendada()
DA:12,0
FN:12,System.Nullable`1<System.Int32> Diabetia.Domain.Models.EventoInsulina::get_InsulinaInyectada()
FNDA:0,System.Nullable`1<System.Int32> Diabetia.Domain.Models.EventoInsulina::get_InsulinaInyectada()
DA:13,0
FN:13,System.Nullable`1<System.Boolean> Diabetia.Domain.Models.EventoInsulina::get_InsulinaPreComida()
FNDA:0,System.Nullable`1<System.Boolean> Diabetia.Domain.Models.EventoInsulina::get_InsulinaPreComida()
DA:14,0
FN:15,Diabetia.Domain.Models.CargaEvento Diabetia.Domain.Models.EventoInsulina::get_IdCargaEventoNavigation()
FNDA:0,Diabetia.Domain.Models.CargaEvento Diabetia.Domain.Models.EventoInsulina::get_IdCargaEventoNavigation()
DA:16,0
FN:16,Diabetia.Domain.Models.EventoComidum Diabetia.Domain.Models.EventoInsulina::get_IdEventoComidaNavigation()
FNDA:0,Diabetia.Domain.Models.EventoComidum Diabetia.Domain.Models.EventoInsulina::get_IdEventoComidaNavigation()
DA:17,0
FN:17,Diabetia.Domain.Models.InsulinaPaciente Diabetia.Domain.Models.EventoInsulina::get_IdInsulinaPacienteNavigation()
FNDA:0,Diabetia.Domain.Models.InsulinaPaciente Diabetia.Domain.Models.EventoInsulina::get_IdInsulinaPacienteNavigation()
DA:18,0
LF:10
LH:0
BRF:0
BRH:0
FNF:10
FNH:0
end_of_record
SF:C:\Users\Nuri\Git\diabetia\backend\Diabetia\Diabetia.Domain\Models\EventoSalud.cs
FN:13,System.Int32 Diabetia.Domain.Models.EventoSalud::get_Id()
FNDA:0,System.Int32 Diabetia.Domain.Models.EventoSalud::get_Id()
DA:14,0
FN:14,System.Int32 Diabetia.Domain.Models.EventoSalud::get_IdCargaEvento()
FNDA:0,System.Int32 Diabetia.Domain.Models.EventoSalud::get_IdCargaEvento()
DA:15,0
FN:15,System.Int32 Diabetia.Domain.Models.EventoSalud::get_IdEnfermedad()
FNDA:0,System.Int32 Diabetia.Domain.Models.EventoSalud::get_IdEnfermedad()
DA:16,0
FN:17,Diabetia.Domain.Models.CargaEvento Diabetia.Domain.Models.EventoSalud::get_IdCargaEventoNavigation()
FNDA:0,Diabetia.Domain.Models.CargaEvento Diabetia.Domain.Models.EventoSalud::get_IdCargaEventoNavigation()
DA:18,0
FN:18,Diabetia.Domain.Models.Enfermedad Diabetia.Domain.Models.EventoSalud::get_IdEnfermedadNavigation()
FNDA:0,Diabetia.Domain.Models.Enfermedad Diabetia.Domain.Models.EventoSalud::get_IdEnfermedadNavigation()
DA:19,0
FN:19,System.Collections.Generic.ICollection`1<Diabetia.Domain.Models.MedidaTomadaEventoSalud> Diabetia.Domain.Models.EventoSalud::get_MedidaTomadaEventoSaluds()
FNDA:0,System.Collections.Generic.ICollection`1<Diabetia.Domain.Models.MedidaTomadaEventoSalud> Diabetia.Domain.Models.EventoSalud::get_MedidaTomadaEventoSaluds()
DA:20,0
FN:20,System.Collections.Generic.ICollection`1<Diabetia.Domain.Models.SintomaEventoSalud> Diabetia.Domain.Models.EventoSalud::get_SintomaEventoSaluds()
FNDA:0,System.Collections.Generic.ICollection`1<Diabetia.Domain.Models.SintomaEventoSalud> Diabetia.Domain.Models.EventoSalud::get_SintomaEventoSaluds()
DA:21,0
FN:7,System.Void Diabetia.Domain.Models.EventoSalud::.ctor()
FNDA:0,System.Void Diabetia.Domain.Models.EventoSalud::.ctor()
DA:8,0
DA:10,0
DA:11,0
DA:12,0
LF:11
LH:0
BRF:0
BRH:0
FNF:8
FNH:0
end_of_record
SF:C:\Users\Nuri\Git\diabetia\backend\Diabetia\Diabetia.Domain\Models\EventoVisitaMedica.cs
FN:7,System.Int32 Diabetia.Domain.Models.EventoVisitaMedica::get_Id()
FNDA:0,System.Int32 Diabetia.Domain.Models.EventoVisitaMedica::get_Id()
DA:8,0
FN:8,System.Nullable`1<System.Int32> Diabetia.Domain.Models.EventoVisitaMedica::get_IdProfesional()
FNDA:0,System.Nullable`1<System.Int32> Diabetia.Domain.Models.EventoVisitaMedica::get_IdProfesional()
DA:9,0
FN:9,System.Int32 Diabetia.Domain.Models.EventoVisitaMedica::get_IdCargaEvento()
FNDA:0,System.Int32 Diabetia.Domain.Models.EventoVisitaMedica::get_IdCargaEvento()
DA:10,0
FN:10,System.String Diabetia.Domain.Models.EventoVisitaMedica::get_Descripcion()
FNDA:0,System.String Diabetia.Domain.Models.EventoVisitaMedica::get_Descripcion()
DA:11,0
FN:12,Diabetia.Domain.Models.CargaEvento Diabetia.Domain.Models.EventoVisitaMedica::get_IdCargaEventoNavigation()
FNDA:0,Diabetia.Domain.Models.CargaEvento Diabetia.Domain.Models.EventoVisitaMedica::get_IdCargaEventoNavigation()
DA:13,0
FN:13,Diabetia.Domain.Models.Profesional Diabetia.Domain.Models.EventoVisitaMedica::get_IdProfesionalNavigation()
FNDA:0,Diabetia.Domain.Models.Profesional Diabetia.Domain.Models.EventoVisitaMedica::get_IdProfesionalNavigation()
DA:14,0
LF:6
LH:0
BRF:0
BRH:0
FNF:6
FNH:0
end_of_record
SF:C:\Users\Nuri\Git\diabetia\backend\Diabetia\Diabetia.Domain\Models\Feedback.cs
FN:7,System.Int32 Diabetia.Domain.Models.Feedback::get_Id()
FNDA:0,System.Int32 Diabetia.Domain.Models.Feedback::get_Id()
DA:8,0
FN:8,System.Int32 Diabetia.Domain.Models.Feedback::get_IdCargaEvento()
FNDA:0,System.Int32 Diabetia.Domain.Models.Feedback::get_IdCargaEvento()
DA:9,0
FN:9,System.Nullable`1<System.Int32> Diabetia.Domain.Models.Feedback::get_IdSentimiento()
FNDA:0,System.Nullable`1<System.Int32> Diabetia.Domain.Models.Feedback::get_IdSentimiento()
DA:10,0
FN:10,System.Nullable`1<System.DateTime> Diabetia.Domain.Models.Feedback::get_HoraAviso()
FNDA:0,System.Nullable`1<System.DateTime> Diabetia.Domain.Models.Feedback::get_HoraAviso()
DA:11,0
FN:11,System.Nullable`1<System.Boolean> Diabetia.Domain.Models.Feedback::get_FueRealizado()
FNDA:0,System.Nullable`1<System.Boolean> Diabetia.Domain.Models.Feedback::get_FueRealizado()
DA:12,0
FN:12,System.String Diabetia.Domain.Models.Feedback::get_NotaLibre()
FNDA:0,System.String Diabetia.Domain.Models.Feedback::get_NotaLibre()
DA:13,0
FN:14,Diabetia.Domain.Models.CargaEvento Diabetia.Domain.Models.Feedback::get_IdCargaEventoNavigation()
FNDA:0,Diabetia.Domain.Models.CargaEvento Diabetia.Domain.Models.Feedback::get_IdCargaEventoNavigation()
DA:15,0
FN:15,Diabetia.Domain.Models.Sentimiento Diabetia.Domain.Models.Feedback::get_IdSentimientoNavigation()
FNDA:0,Diabetia.Domain.Models.Sentimiento Diabetia.Domain.Models.Feedback::get_IdSentimientoNavigation()
DA:16,0
LF:8
LH:0
BRF:0
BRH:0
FNF:8
FNH:0
end_of_record
SF:C:\Users\Nuri\Git\diabetia\backend\Diabetia\Diabetia.Domain\Models\GravedadSintoma.cs
FN:12,System.Int32 Diabetia.Domain.Models.GravedadSintoma::get_Id()
FNDA:0,System.Int32 Diabetia.Domain.Models.GravedadSintoma::get_Id()
DA:13,0
FN:13,System.String Diabetia.Domain.Models.GravedadSintoma::get_Descripcion()
FNDA:0,System.String Diabetia.Domain.Models.GravedadSintoma::get_Descripcion()
DA:14,0
FN:15,System.Collections.Generic.ICollection`1<Diabetia.Domain.Models.SintomaEventoSalud> Diabetia.Domain.Models.GravedadSintoma::get_SintomaEventoSaluds()
FNDA:0,System.Collections.Generic.ICollection`1<Diabetia.Domain.Models.SintomaEventoSalud> Diabetia.Domain.Models.GravedadSintoma::get_SintomaEventoSaluds()
DA:16,0
FN:7,System.Void Diabetia.Domain.Models.GravedadSintoma::.ctor()
FNDA:0,System.Void Diabetia.Domain.Models.GravedadSintoma::.ctor()
DA:8,0
DA:10,0
DA:11,0
LF:6
LH:0
BRF:0
BRH:0
FNF:4
FNH:0
end_of_record
SF:C:\Users\Nuri\Git\diabetia\backend\Diabetia\Diabetia.Domain\Models\Ingrediente.cs
FN:12,System.Int32 Diabetia.Domain.Models.Ingrediente::get_Id()
FNDA:0,System.Int32 Diabetia.Domain.Models.Ingrediente::get_Id()
DA:13,0
FN:13,System.Int32 Diabetia.Domain.Models.Ingrediente::get_IdUnidadMedidaIngrediente()
FNDA:0,System.Int32 Diabetia.Domain.Models.Ingrediente::get_IdUnidadMedidaIngrediente()
DA:14,0
FN:14,System.String Diabetia.Domain.Models.Ingrediente::get_Nombre()
FNDA:0,System.String Diabetia.Domain.Models.Ingrediente::get_Nombre()
DA:15,0
FN:15,System.Decimal Diabetia.Domain.Models.Ingrediente::get_PorcionEstandar()
FNDA:0,System.Decimal Diabetia.Domain.Models.Ingrediente::get_PorcionEstandar()
DA:16,0
FN:16,System.Decimal Diabetia.Domain.Models.Ingrediente::get_Proteinas()
FNDA:0,System.Decimal Diabetia.Domain.Models.Ingrediente::get_Proteinas()
DA:17,0
FN:17,System.Decimal Diabetia.Domain.Models.Ingrediente::get_Carbohidratos()
FNDA:0,System.Decimal Diabetia.Domain.Models.Ingrediente::get_Carbohidratos()
DA:18,0
FN:18,System.Decimal Diabetia.Domain.Models.Ingrediente::get_GrasasTotales()
FNDA:0,System.Decimal Diabetia.Domain.Models.Ingrediente::get_GrasasTotales()
DA:19,0
FN:19,System.Nullable`1<System.Decimal> Diabetia.Domain.Models.Ingrediente::get_FibraAlimentaria()
FNDA:0,System.Nullable`1<System.Decimal> Diabetia.Domain.Models.Ingrediente::get_FibraAlimentaria()
DA:20,0
FN:20,System.Nullable`1<System.Decimal> Diabetia.Domain.Models.Ingrediente::get_Sodio()
FNDA:0,System.Nullable`1<System.Decimal> Diabetia.Domain.Models.Ingrediente::get_Sodio()
DA:21,0
FN:21,System.Nullable`1<System.Int32> Diabetia.Domain.Models.Ingrediente::get_IdUsuario()
FNDA:0,System.Nullable`1<System.Int32> Diabetia.Domain.Models.Ingrediente::get_IdUsuario()
DA:22,0
FN:22,System.Nullable`1<System.Boolean> Diabetia.Domain.Models.Ingrediente::get_FueChequeado()
FNDA:0,System.Nullable`1<System.Boolean> Diabetia.Domain.Models.Ingrediente::get_FueChequeado()
DA:23,0
FN:23,System.Nullable`1<System.Decimal> Diabetia.Domain.Models.Ingrediente::get_Kilocalorias()
FNDA:0,System.Nullable`1<System.Decimal> Diabetia.Domain.Models.Ingrediente::get_Kilocalorias()
DA:24,0
FN:25,Diabetia.Domain.Models.UnidadMedidaIngrediente Diabetia.Domain.Models.Ingrediente::get_IdUnidadMedidaIngredienteNavigation()
FNDA:0,Diabetia.Domain.Models.UnidadMedidaIngrediente Diabetia.Domain.Models.Ingrediente::get_IdUnidadMedidaIngredienteNavigation()
DA:26,0
FN:26,Diabetia.Domain.Models.Usuario Diabetia.Domain.Models.Ingrediente::get_IdUsuarioNavigation()
FNDA:0,Diabetia.Domain.Models.Usuario Diabetia.Domain.Models.Ingrediente::get_IdUsuarioNavigation()
DA:27,0
FN:27,System.Collections.Generic.ICollection`1<Diabetia.Domain.Models.IngredienteComidum> Diabetia.Domain.Models.Ingrediente::get_IngredienteComida()
FNDA:0,System.Collections.Generic.ICollection`1<Diabetia.Domain.Models.IngredienteComidum> Diabetia.Domain.Models.Ingrediente::get_IngredienteComida()
DA:28,0
FN:7,System.Void Diabetia.Domain.Models.Ingrediente::.ctor()
FNDA:0,System.Void Diabetia.Domain.Models.Ingrediente::.ctor()
DA:8,0
DA:10,0
DA:11,0
LF:18
LH:0
BRF:0
BRH:0
FNF:16
FNH:0
end_of_record
SF:C:\Users\Nuri\Git\diabetia\backend\Diabetia\Diabetia.Domain\Models\IngredienteComidum.cs
FN:7,System.Int32 Diabetia.Domain.Models.IngredienteComidum::get_Id()
FNDA:0,System.Int32 Diabetia.Domain.Models.IngredienteComidum::get_Id()
DA:8,0
FN:8,System.Int32 Diabetia.Domain.Models.IngredienteComidum::get_IdIngrediente()
FNDA:0,System.Int32 Diabetia.Domain.Models.IngredienteComidum::get_IdIngrediente()
DA:9,0
FN:9,System.Int32 Diabetia.Domain.Models.IngredienteComidum::get_IdEventoComida()
FNDA:0,System.Int32 Diabetia.Domain.Models.IngredienteComidum::get_IdEventoComida()
DA:10,0
FN:10,System.Int32 Diabetia.Domain.Models.IngredienteComidum::get_CantidadIngerida()
FNDA:0,System.Int32 Diabetia.Domain.Models.IngredienteComidum::get_CantidadIngerida()
DA:11,0
FN:11,System.Nullable`1<System.Decimal> Diabetia.Domain.Models.IngredienteComidum::get_Proteinas()
FNDA:0,System.Nullable`1<System.Decimal> Diabetia.Domain.Models.IngredienteComidum::get_Proteinas()
DA:12,0
FN:12,System.Nullable`1<System.Decimal> Diabetia.Domain.Models.IngredienteComidum::get_GrasasTotales()
FNDA:0,System.Nullable`1<System.Decimal> Diabetia.Domain.Models.IngredienteComidum::get_GrasasTotales()
DA:13,0
FN:13,System.Nullable`1<System.Decimal> Diabetia.Domain.Models.IngredienteComidum::get_Carbohidratos()
FNDA:0,System.Nullable`1<System.Decimal> Diabetia.Domain.Models.IngredienteComidum::get_Carbohidratos()
DA:14,0
FN:14,System.Nullable`1<System.Decimal> Diabetia.Domain.Models.IngredienteComidum::get_Sodio()
FNDA:0,System.Nullable`1<System.Decimal> Diabetia.Domain.Models.IngredienteComidum::get_Sodio()
DA:15,0
FN:15,System.Nullable`1<System.Decimal> Diabetia.Domain.Models.IngredienteComidum::get_FibraAlimentaria()
FNDA:0,System.Nullable`1<System.Decimal> Diabetia.Domain.Models.IngredienteComidum::get_FibraAlimentaria()
DA:16,0
FN:17,Diabetia.Domain.Models.EventoComidum Diabetia.Domain.Models.IngredienteComidum::get_IdEventoComidaNavigation()
FNDA:0,Diabetia.Domain.Models.EventoComidum Diabetia.Domain.Models.IngredienteComidum::get_IdEventoComidaNavigation()
DA:18,0
FN:18,Diabetia.Domain.Models.Ingrediente Diabetia.Domain.Models.IngredienteComidum::get_IdIngredienteNavigation()
FNDA:0,Diabetia.Domain.Models.Ingrediente Diabetia.Domain.Models.IngredienteComidum::get_IdIngredienteNavigation()
[...]
DA:34,0
FN:34,Microsoft.EntityFrameworkCore.DbSet`1<Diabetia.Domain.Models.Feedback> Diabetia.Infrastructure.EF.diabetiaContext::get_Feedbacks()
FNDA:0,Microsoft.EntityFrameworkCore.DbSet`1<Diabetia.Domain.Models.Feedback> Diabetia.Infrastructure.EF.diabetiaContext::get_Feedbacks()
DA:35,0
FN:35,Microsoft.EntityFrameworkCore.DbSet`1<Diabetia.Domain.Models.GravedadSintoma> Diabetia.Infrastructure.EF.diabetiaContext::get_GravedadSintomas()
FNDA:0,Microsoft.EntityFrameworkCore.DbSet`1<Diabetia.Domain.Models.GravedadSintoma> Diabetia.Infrastructure.EF.diabetiaContext::get_GravedadSintomas()
DA:36,0
FN:36,Microsoft.EntityFrameworkCore.DbSet`1<Diabetia.Domain.Models.Ingrediente> Diabetia.Infrastructure.EF.diabetiaContext::get_Ingredientes()
FNDA:0,Microsoft.EntityFrameworkCore.DbSet`1<Diabetia.Domain.Models.Ingrediente> Diabetia.Infrastructure.EF.diabetiaContext::get_Ingredientes()
DA:37,0
FN:37,Microsoft.EntityFrameworkCore.DbSet`1<Diabetia.Domain.Models.IngredienteComidum> Diabetia.Infrastructure.EF.diabetiaContext::get_IngredienteComida()
FNDA:0,Microsoft.EntityFrameworkCore.DbSet`1<Diabetia.Domain.Models.IngredienteComidum> Diabetia.Infrastructure.EF.diabetiaContext::get_IngredienteComida()
DA:38,0
FN:38,Microsoft.EntityFrameworkCore.DbSet`1<Diabetia.Domain.Models.InsulinaPaciente> Diabetia.Infrastructure.EF.diabetiaContext::get_InsulinaPacientes()
FNDA:0,Microsoft.EntityFrameworkCore.DbSet`1<Diabetia.Domain.Models.InsulinaPaciente> Diabetia.Infrastructure.EF.diabetiaContext::get_InsulinaPacientes()
DA:39,0
FN:39,Microsoft.EntityFrameworkCore.DbSet`1<Diabetia.Domain.Models.MedidaTomadaEventoSalud> Diabetia.Infrastructure.EF.diabetiaContext::get_MedidaTomadaEventoSaluds()
FNDA:0,Microsoft.EntityFrameworkCore.DbSet`1<Diabetia.Domain.Models.MedidaTomadaEventoSalud> Diabetia.Infrastructure.EF.diabetiaContext::get_MedidaTomadaEventoSaluds()
DA:40,0
FN:40,Microsoft.EntityFrameworkCore.DbSet`1<Diabetia.Domain.Models.MedidaTomadaSintoma> Diabetia.Infrastructure.EF.diabetiaContext::get_MedidaTomadaSintomas()
FNDA:0,Microsoft.EntityFrameworkCore.DbSet`1<Diabetia.Domain.Models.MedidaTomadaSintoma> Diabetia.Infrastructure.EF.diabetiaContext::get_MedidaTomadaSintomas()
DA:41,0
FN:41,Microsoft.EntityFrameworkCore.DbSet`1<Diabetia.Domain.Models.Paciente> Diabetia.Infrastructure.EF.diabetiaContext::get_Pacientes()
FNDA:0,Microsoft.EntityFrameworkCore.DbSet`1<Diabetia.Domain.Models.Paciente> Diabetia.Infrastructure.EF.diabetiaContext::get_Pacientes()
DA:42,0
FN:42,Microsoft.EntityFrameworkCore.DbSet`1<Diabetia.Domain.Models.PacienteActividadFisica> Diabetia.Infrastructure.EF.diabetiaContext::get_PacienteActividadFisicas()
FNDA:0,Microsoft.EntityFrameworkCore.DbSet`1<Diabetia.Domain.Models.PacienteActividadFisica> Diabetia.Infrastructure.EF.diabetiaContext::get_PacienteActividadFisicas()
DA:43,0
FN:43,Microsoft.EntityFrameworkCore.DbSet`1<Diabetia.Domain.Models.PacienteEnfermedadPreexistente> Diabetia.Infrastructure.EF.diabetiaContext::get_PacienteEnfermedadPreexistentes()
FNDA:0,Microsoft.EntityFrameworkCore.DbSet`1<Diabetia.Domain.Models.PacienteEnfermedadPreexistente> Diabetia.Infrastructure.EF.diabetiaContext::get_PacienteEnfermedadPreexistentes()
DA:44,0
FN:44,Microsoft.EntityFrameworkCore.DbSet`1<Diabetia.Domain.Models.Profesional> Diabetia.Infrastructure.EF.diabetiaContext::get_Profesionals()
FNDA:0,Microsoft.EntityFrameworkCore.DbSet`1<Diabetia.Domain.Models.Profesional> Diabetia.Infrastructure.EF.diabetiaContext::get_Profesionals()
DA:45,0
FN:45,Microsoft.EntityFrameworkCore.DbSet`1<Diabetia.Domain.Models.Recordatorio> Diabetia.Infrastructure.EF.diabetiaContext::get_Recordatorios()
FNDA:0,Microsoft.EntityFrameworkCore.DbSet`1<Diabetia.Domain.Models.Recordatorio> Diabetia.Infrastructure.EF.diabetiaContext::get_Recordatorios()
DA:46,0
FN:46,Microsoft.EntityFrameworkCore.DbSet`1<Diabetia.Domain.Models.RecordatorioEvento> Diabetia.Infrastructure.EF.diabetiaContext::get_RecordatorioEventos()
FNDA:0,Microsoft.EntityFrameworkCore.DbSet`1<Diabetia.Domain.Models.RecordatorioEvento> Diabetia.Infrastructure.EF.diabetiaContext::get_RecordatorioEventos()
DA:47,0
FN:47,Microsoft.EntityFrameworkCore.DbSet`1<Diabetia.Domain.Models.Rol> Diabetia.Infrastructure.EF.diabetiaContext::get_Rols()
FNDA:0,Microsoft.EntityFrameworkCore.DbSet`1<Diabetia.Domain.Models.Rol> Diabetia.Infrastructure.EF.diabetiaContext::get_Rols()
DA:48,0
FN:48,Microsoft.EntityFrameworkCore.DbSet`1<Diabetia.Domain.Models.SensibilidadInsulina> Diabetia.Infrastructure.EF.diabetiaContext::get_SensibilidadInsulinas()
FNDA:0,Microsoft.EntityFrameworkCore.DbSet`1<Diabetia.Domain.Models.SensibilidadInsulina> Diabetia.Infrastructure.EF.diabetiaContext::get_SensibilidadInsulinas()
DA:49,0
FN:49,Microsoft.EntityFrameworkCore.DbSet`1<Diabetia.Domain.Models.Sentimiento> Diabetia.Infrastructure.EF.diabetiaContext::get_Sentimientos()
FNDA:0,Microsoft.EntityFrameworkCore.DbSet`1<Diabetia.Domain.Models.Sentimiento> Diabetia.Infrastructure.EF.diabetiaContext::get_Sentimientos()
DA:50,0
FN:50,Microsoft.EntityFrameworkCore.DbSet`1<Diabetia.Domain.Models.Sintoma> Diabetia.Infrastructure.EF.diabetiaContext::get_Sintomas()
FNDA:0,Microsoft.EntityFrameworkCore.DbSet`1<Diabetia.Domain.Models.Sintoma> Diabetia.Infrastructure.EF.diabetiaContext::get_Sintomas()
DA:51,0
FN:51,Microsoft.EntityFrameworkCore.DbSet`1<Diabetia.Domain.Models.SintomaEventoSalud> Diabetia.Infrastructure.EF.diabetiaContext::get_SintomaEventoSaluds()
FNDA:0,Microsoft.EntityFrameworkCore.DbSet`1<Diabetia.Domain.Models.SintomaEventoSalud> Diabetia.Infrastructure.EF.diabetiaContext::get_SintomaEventoSaluds()
DA:52,0
FN:52,Microsoft.EntityFrameworkCore.DbSet`1<Diabetia.Domain.Models.TipoAccionInsulina> Diabetia.Infrastructure.EF.diabetiaContext::get_TipoAccionInsulinas()
FNDA:0,Microsoft.EntityFrameworkCore.DbSet`1<Diabetia.Domain.Models.TipoAccionInsulina> Diabetia.Infrastructure.EF.diabetiaContext::get_TipoAccionInsulinas()
DA:53,0
FN:53,Microsoft.EntityFrameworkCore.DbSet`1<Diabetia.Domain.Models.TipoCargaComidum> Diabetia.Infrastructure.EF.diabetiaContext::get_TipoCargaComida()
FNDA:0,Microsoft.EntityFrameworkCore.DbSet`1<Diabetia.Domain.Models.TipoCargaComidum> Diabetia.Infrastructure.EF.diabetiaContext::get_TipoCargaComida()
DA:54,0
FN:54,Microsoft.EntityFrameworkCore.DbSet`1<Diabetia.Domain.Models.TipoDiabete> Diabetia.Infrastructure.EF.diabetiaContext::get_TipoDiabetes()
FNDA:0,Microsoft.EntityFrameworkCore.DbSet`1<Diabetia.Domain.Models.TipoDiabete> Diabetia.Infrastructure.EF.diabetiaContext::get_TipoDiabetes()
DA:55,0
FN:55,Microsoft.EntityFrameworkCore.DbSet`1<Diabetia.Domain.Models.TipoEvento> Diabetia.Infrastructure.EF.diabetiaContext::get_TipoEventos()
FNDA:0,Microsoft.EntityFrameworkCore.DbSet`1<Diabetia.Domain.Models.TipoEvento> Diabetia.Infrastructure.EF.diabetiaContext::get_TipoEventos()
DA:56,0
FN:56,Microsoft.EntityFrameworkCore.DbSet`1<Diabetia.Domain.Models.TipoInsulina> Diabetia.Infrastructure.EF.diabetiaContext::get_TipoInsulinas()
FNDA:0,Microsoft.EntityFrameworkCore.DbSet`1<Diabetia.Domain.Models.TipoInsulina> Diabetia.Infrastructure.EF.diabetiaContext::get_TipoInsulinas()
DA:57,0
FN:57,Microsoft.EntityFrameworkCore.DbSet`1<Diabetia.Domain.Models.UnidadMedidaIngrediente> Diabetia.Infrastructure.EF.diabetiaContext::get_UnidadMedidaIngredientes()
FNDA:0,Microsoft.EntityFrameworkCore.DbSet`1<Diabetia.Domain.Models.UnidadMedidaIngrediente> Diabetia.Infrastructure.EF.diabetiaContext::get_UnidadMedidaIngredientes()
DA:58,0
FN:58,Microsoft.EntityFrameworkCore.DbSet`1<Diabetia.Domain.Models.Usuario> Diabetia.Infrastructure.EF.diabetiaContext::get_Usuarios()
FNDA:0,Microsoft.EntityFrameworkCore.DbSet`1<Diabetia.Domain.Models.Usuario> Diabetia.Infrastructure.EF.diabetiaContext::get_Usuarios()
DA:59,0
FN:59,Microsoft.EntityFrameworkCore.DbSet`1<Diabetia.Domain.Models.VinculoProfesionalPaciente> Diabetia.Infrastructure.EF.diabetiaContext::get_VinculoProfesionalPacientes()
FNDA:0,Microsoft.EntityFrameworkCore.DbSet`1<Diabetia.Domain.Models.VinculoProfesionalPaciente> Diabetia.Infrastructure.EF.diabetiaContext::get_VinculoProfesionalPacientes()
DA:60,0
FN:63,System.Void Diabetia.Infrastructure.EF.diabetiaContext::OnConfiguring(Microsoft.EntityFrameworkCore.DbContextOptionsBuilder)
FNDA:0,System.Void Diabetia.Infrastructure.EF.diabetiaContext::OnConfiguring(Microsoft.EntityFrameworkCore.DbContextOptionsBuilder)
DA:64,0
DA:67,0
DA:69,0
BRDA:64,6,0,0
BRDA:64,6,1,0
FN:72,System.Void Diabetia.Infrastructure.EF.diabetiaContext::OnModelCreating(Microsoft.EntityFrameworkCore.ModelBuilder)
FNDA:0,System.Void Diabetia.Infrastructure.EF.diabetiaContext::OnModelCreating(Microsoft.EntityFrameworkCore.ModelBuilder)
DA:73,0
DA:74,0
DA:76,0
DA:77,0
DA:78,0
DA:79,0
DA:80,0
DA:81,0
DA:82,0
DA:83,0
DA:84,0
DA:85,0
DA:86,0
DA:87,0
DA:89,0
DA:90,0
DA:91,0
DA:92,0
DA:93,0
DA:94,0
DA:95,0
DA:96,0
DA:97,0
DA:98,0
DA:99,0
DA:100,0
DA:101,0
DA:102,0
DA:103,0
DA:104,0
DA:105,0
DA:106,0
DA:107,0
DA:108,0
DA:109,0
DA:110,0
DA:111,0
DA:112,0
DA:113,0
DA:114,0
DA:115,0
DA:116,0
DA:117,0
DA:118,0
DA:119,0
DA:120,0
DA:121,0
DA:122,0
DA:123,0
DA:124,0
DA:125,0
DA:126,0
DA:127,0
DA:128,0
DA:129,0
DA:130,0
DA:131,0
DA:132,0
DA:133,0
DA:134,0
DA:135,0
DA:136,0
DA:137,0
DA:139,0
DA:140,0
DA:141,0
DA:142,0
DA:143,0
DA:144,0
DA:145,0
DA:146,0
DA:147,0
DA:148,0
DA:149,0
DA:150,0
DA:152,0
DA:153,0
DA:154,0
DA:155,0
DA:156,0
DA:157,0
DA:158,0
DA:159,0
DA:160,0
DA:161,0
DA:162,0
DA:163,0
DA:164,0
DA:165,0
DA:166,0
DA:167,0
DA:169,0
DA:170,0
DA:171,0
DA:172,0
DA:173,0
DA:174,0
DA:175,0
DA:176,0
DA:177,0
DA:178,0
DA:179,0
DA:180,0
DA:181,0
DA:182,0
DA:183,0
DA:184,0
DA:185,0
DA:186,0
DA:187,0
DA:188,0
DA:189,0
DA:190,0
DA:191,0
DA:192,0
DA:193,0
DA:194,0
DA:195,0
DA:196,0
DA:197,0
DA:199,0
DA:200,0
DA:201,0
DA:202,0
DA:203,0
DA:204,0
DA:205,0
DA:206,0
DA:207,0
DA:208,0
DA:209,0
DA:210,0
DA:211,0
DA:212,0
DA:213,0
DA:214,0
DA:215,0
DA:216,0
DA:217,0
DA:218,0
DA:219,0
DA:220,0
DA:221,0
DA:222,0
DA:223,0
DA:224,0
DA:225,0
DA:226,0
DA:227,0
DA:228,0
DA:229,0
DA:230,0
DA:231,0
DA:232,0
DA:234,0
DA:235,0
DA:236,0
DA:237,0
DA:238,0
DA:239,0
DA:240,0
DA:241,0
DA:242,0
DA:243,0
DA:244,0
DA:245,0
DA:246,0
DA:247,0
DA:249,0
DA:250,0
DA:251,0
DA:252,0
DA:253,0
DA:254,0
DA:255,0
DA:256,0
DA:257,0
DA:258,0
DA:259,0
DA:260,0
DA:262,0
DA:263,0
DA:264,0
DA:265,0
DA:266,0
DA:267,0
DA:268,0
DA:269,0
DA:270,0
DA:271,0
DA:272,0
DA:273,0
DA:274,0
DA:275,0
DA:276,0
DA:277,0
DA:278,0
DA:279,0
DA:280,0
DA:281,0
DA:282,0
DA:283,0
DA:284,0
DA:285,0
DA:286,0
DA:287,0
DA:288,0
DA:289,0
DA:290,0
DA:291,0
DA:293,0
DA:294,0
DA:295,0
DA:296,0
DA:297,0
DA:298,0
DA:299,0
DA:300,0
DA:301,0
DA:302,0
DA:303,0
DA:304,0
DA:305,0
DA:306,0
DA:307,0
DA:308,0
DA:309,0
DA:310,0
DA:311,0
DA:312,0
DA:313,0
DA:314,0
DA:315,0
DA:316,0
DA:317,0
DA:318,0
DA:319,0
DA:320,0
DA:321,0
DA:322,0
DA:323,0
DA:324,0
DA:325,0
DA:326,0
DA:327,0
DA:328,0
DA:329,0
DA:330,0
DA:331,0
DA:332,0
DA:333,0
DA:334,0
DA:335,0
DA:336,0
DA:337,0
DA:338,0
DA:339,0
DA:340,0
DA:341,0
DA:342,0
DA:343,0
DA:344,0
DA:345,0
DA:346,0
DA:348,0
DA:349,0
DA:350,0
DA:351,0
DA:352,0
DA:353,0
DA:354,0
DA:355,0
DA:356,0
DA:357,0
DA:358,0
DA:359,0
DA:360,0
DA:361,0
DA:362,0
DA:363,0
DA:364,0
DA:365,0
DA:366,0
DA:367,0
DA:368,0
DA:369,0
DA:370,0
DA:371,0
DA:372,0
DA:373,0
DA:374,0
DA:375,0
DA:376,0
DA:377,0
DA:378,0
DA:379,0
DA:380,0
DA:381,0
DA:382,0
DA:384,0
DA:385,0
DA:386,0
DA:387,0
DA:388,0
DA:389,0
DA:390,0
DA:391,0
DA:392,0
DA:393,0
DA:394,0
DA:395,0
DA:396,0
DA:397,0
DA:398,0
DA:399,0
DA:400,0
DA:401,0
DA:402,0
DA:403,0
DA:404,0
DA:405,0
DA:406,0
DA:407,0
DA:408,0
DA:409,0
DA:410,0
DA:411,0
DA:412,0
DA:413,0
DA:414,0
DA:415,0
DA:416,0
DA:417,0
DA:418,0
DA:419,0
DA:420,0
DA:422,0
DA:423,0
DA:424,0
DA:425,0
DA:426,0
DA:427,0
DA:428,0
DA:429,0
DA:430,0
DA:431,0
DA:432,0
DA:433,0
DA:434,0
DA:435,0
DA:436,0
DA:437,0
DA:438,0
DA:439,0
DA:440,0
DA:441,0
DA:442,0
DA:443,0
DA:444,0
DA:445,0
DA:446,0
DA:447,0
DA:448,0
DA:449,0
DA:450,0
DA:451,0
DA:452,0
DA:453,0
DA:454,0
DA:455,0
DA:456,0
DA:457,0
DA:458,0
DA:459,0
DA:460,0
DA:461,0
DA:462,0
DA:463,0
DA:464,0
DA:466,0
DA:467,0
DA:468,0
DA:469,0
DA:470,0
DA:471,0
DA:472,0
DA:473,0
DA:474,0
DA:475,0
DA:476,0
DA:477,0
DA:478,0
DA:479,0
DA:480,0
DA:481,0
DA:482,0
DA:483,0
DA:484,0
DA:485,0
DA:486,0
DA:487,0
DA:488,0
DA:489,0
DA:490,0
DA:491,0
DA:492,0
DA:493,0
DA:495,0
DA:496,0
DA:497,0
DA:498,0
DA:499,0
DA:500,0
DA:501,0
DA:502,0
DA:503,0
DA:504,0
DA:505,0
DA:506,0
DA:507,0
DA:508,0
DA:509,0
DA:510,0
DA:511,0
DA:512,0
DA:513,0
DA:514,0
DA:515,0
DA:516,0
DA:517,0
DA:518,0
DA:519,0
DA:520,0
DA:521,0
DA:522,0
DA:523,0
DA:524,0
DA:525,0
DA:527,0
DA:528,0
DA:529,0
DA:530,0
DA:531,0
DA:532,0
DA:533,0
DA:534,0
DA:535,0
DA:536,0
DA:537,0
DA:538,0
DA:539,0
DA:540,0
DA:541,0
DA:542,0
DA:543,0
DA:544,0
DA:545,0
DA:546,0
DA:547,0
DA:548,0
DA:549,0
DA:550,0
DA:551,0
DA:552,0
DA:553,0
DA:554,0
DA:555,0
DA:556,0
DA:557,0
DA:558,0
DA:559,0
DA:560,0
DA:561,0
DA:562,0
DA:563,0
DA:564,0
DA:565,0
DA:567,0
DA:568,0
DA:569,0
DA:570,0
DA:571,0
DA:572,0
DA:573,0
DA:574,0
DA:575,0
DA:576,0
DA:577,0
DA:578,0
DA:580,0
DA:581,0
DA:582,0
DA:583,0
DA:584,0
DA:585,0
DA:586,0
DA:587,0
DA:588,0
DA:589,0
DA:590,0
DA:591,0
DA:592,0
DA:593,0
DA:594,0
DA:595,0
DA:596,0
DA:597,0
DA:598,0
DA:599,0
DA:600,0
DA:601,0
DA:602,0
DA:603,0
DA:604,0
DA:605,0
DA:606,0
DA:607,0
DA:608,0
DA:609,0
DA:610,0
DA:611,0
DA:612,0
DA:613,0
DA:614,0
DA:615,0
DA:616,0
DA:617,0
DA:618,0
DA:619,0
DA:620,0
DA:621,0
DA:622,0
DA:623,0
DA:624,0
DA:625,0
DA:626,0
DA:627,0
DA:628,0
DA:629,0
DA:630,0
DA:631,0
DA:632,0
DA:633,0
DA:634,0
DA:635,0
DA:636,0
DA:637,0
DA:638,0
DA:639,0
DA:640,0
DA:641,0
DA:642,0
DA:644,0
DA:645,0
DA:646,0
DA:647,0
DA:648,0
DA:649,0
DA:650,0
DA:651,0
DA:652,0
DA:653,0
DA:654,0
DA:655,0
DA:656,0
DA:657,0
DA:658,0
DA:659,0
DA:660,0
DA:661,0
DA:662,0
DA:663,0
DA:664,0
DA:665,0
DA:666,0
DA:667,0
DA:668,0
DA:669,0
DA:670,0
DA:671,0
DA:672,0
DA:673,0
DA:674,0
DA:675,0
DA:676,0
DA:677,0
DA:678,0
DA:679,0
DA:680,0
DA:681,0
DA:682,0
DA:683,0
DA:684,0
DA:685,0
DA:686,0
DA:687,0
DA:688,0
DA:689,0
DA:690,0
DA:691,0
DA:692,0
DA:693,0
DA:695,0
DA:696,0
DA:697,0
DA:698,0
DA:699,0
DA:700,0
DA:701,0
DA:702,0
DA:703,0
DA:704,0
DA:705,0
DA:706,0
DA:707,0
DA:708,0
DA:709,0
DA:710,0
DA:711,0
DA:712,0
DA:713,0
DA:714,0
DA:715,0
DA:716,0
DA:717,0
DA:718,0
DA:719,0
DA:720,0
DA:721,0
DA:722,0
DA:723,0
DA:724,0
DA:726,0
DA:727,0
DA:728,0
DA:729,0
DA:730,0
DA:731,0
DA:732,0
DA:733,0
DA:734,0
DA:735,0
DA:736,0
DA:737,0
DA:738,0
DA:739,0
DA:740,0
DA:741,0
DA:742,0
DA:743,0
DA:744,0
DA:745,0
DA:746,0
DA:747,0
DA:748,0
DA:749,0
DA:750,0
DA:751,0
DA:752,0
DA:753,0
DA:755,0
DA:756,0
DA:757,0
DA:758,0
DA:759,0
DA:760,0
DA:761,0
DA:762,0
DA:763,0
DA:764,0
DA:765,0
DA:766,0
DA:768,0
DA:769,0
DA:770,0
DA:771,0
DA:772,0
DA:773,0
DA:774,0
DA:775,0
DA:776,0
DA:777,0
DA:778,0
DA:779,0
DA:780,0
DA:781,0
DA:782,0
DA:783,0
DA:784,0
DA:785,0
DA:786,0
DA:787,0
DA:788,0
DA:789,0
DA:790,0
DA:791,0
DA:792,0
DA:793,0
DA:794,0
DA:795,0
DA:796,0
DA:797,0
DA:798,0
DA:799,0
DA:800,0
DA:801,0
DA:802,0
DA:803,0
DA:804,0
DA:805,0
DA:806,0
DA:807,0
DA:809,0
DA:810,0
DA:811,0
DA:812,0
DA:813,0
DA:814,0
DA:815,0
DA:816,0
DA:817,0
DA:818,0
DA:819,0
DA:820,0
DA:821,0
DA:822,0
DA:823,0
DA:824,0
DA:825,0
DA:826,0
DA:827,0
DA:828,0
DA:829,0
DA:830,0
DA:831,0
DA:832,0
DA:833,0
DA:834,0
DA:836,0
DA:837,0
DA:838,0
DA:839,0
DA:840,0
DA:841,0
DA:842,0
DA:843,0
DA:844,0
DA:845,0
DA:846,0
DA:847,0
DA:848,0
DA:849,0
DA:850,0
DA:851,0
DA:852,0
DA:853,0
DA:854,0
DA:855,0
DA:856,0
DA:857,0
DA:858,0
DA:859,0
DA:860,0
DA:861,0
DA:862,0
DA:863,0
DA:865,0
DA:866,0
DA:867,0
DA:868,0
DA:869,0
DA:870,0
DA:871,0
DA:872,0
DA:873,0
DA:874,0
DA:875,0
DA:876,0
DA:877,0
DA:878,0
DA:879,0
DA:880,0
DA:881,0
DA:882,0
DA:883,0
DA:884,0
DA:885,0
DA:886,0
DA:887,0
DA:888,0
DA:889,0
DA:890,0
DA:891,0
DA:892,0
DA:893,0
DA:894,0
DA:895,0
DA:896,0
DA:897,0
DA:899,0
DA:900,0
DA:901,0
DA:902,0
DA:903,0
DA:904,0
DA:905,0
DA:906,0
DA:907,0
DA:908,0
DA:909,0
DA:910,0
DA:911,0
DA:912,0
DA:913,0
DA:914,0
DA:915,0
DA:916,0
DA:917,0
DA:918,0
DA:919,0
DA:920,0
DA:921,0
DA:922,0
DA:923,0
DA:924,0
DA:925,0
DA:926,0
DA:927,0
DA:928,0
DA:929,0
DA:930,0
DA:931,0
DA:932,0
DA:933,0
DA:934,0
DA:935,0
DA:936,0
DA:938,0
DA:939,0
DA:940,0
DA:941,0
DA:942,0
DA:943,0
DA:944,0
DA:945,0
DA:946,0
DA:947,0
DA:948,0
DA:949,0
DA:950,0
DA:951,0
DA:952,0
DA:953,0
DA:954,0
DA:955,0
DA:956,0
DA:957,0
DA:958,0
DA:959,0
DA:960,0
DA:961,0
DA:962,0
DA:963,0
DA:964,0
DA:965,0
DA:966,0
DA:967,0
DA:968,0
DA:969,0
DA:970,0
DA:971,0
DA:972,0
DA:973,0
DA:974,0
DA:975,0
DA:976,0
DA:977,0
DA:978,0
DA:979,0
DA:981,0
DA:982,0
DA:983,0
DA:984,0
DA:985,0
DA:986,0
DA:987,0
DA:988,0
DA:989,0
DA:990,0
DA:991,0
DA:992,0
DA:994,0
DA:995,0
DA:996,0
DA:997,0
DA:998,0
DA:999,0
DA:1000,0
DA:1001,0
DA:1002,0
DA:1003,0
DA:1004,0
DA:1005,0
DA:1007,0
DA:1008,0
DA:1009,0
DA:1010,0
DA:1011,0
DA:1012,0
DA:1013,0
DA:1014,0
DA:1015,0
DA:1016,0
DA:1017,0
DA:1018,0
DA:1019,0
DA:1020,0
DA:1021,0
DA:1022,0
DA:1024,0
DA:1025,0
DA:1026,0
DA:1027,0
DA:1028,0
DA:1029,0
DA:1030,0
DA:1031,0
DA:1032,0
DA:1033,0
DA:1034,0
DA:1035,0
DA:1037,0
DA:1038,0
DA:1039,0
DA:1040,0
DA:1041,0
DA:1042,0
DA:1043,0
DA:1044,0
DA:1045,0
DA:1046,0
DA:1047,0
DA:1048,0
DA:1049,0
DA:1050,0
DA:1051,0
DA:1052,0
DA:1053,0
DA:1054,0
DA:1055,0
DA:1056,0
DA:1057,0
DA:1058,0
DA:1059,0
DA:1060,0
DA:1061,0
DA:1062,0
DA:1063,0
DA:1064,0
DA:1065,0
DA:1066,0
DA:1067,0
DA:1068,0
DA:1069,0
DA:1070,0
DA:1071,0
DA:1072,0
DA:1073,0
DA:1074,0
DA:1075,0
DA:1076,0
DA:1077,0
DA:1078,0
DA:1080,0
DA:1081,0
DA:1082,0
DA:1083,0
DA:1084,0
DA:1085,0
DA:1086,0
DA:1087,0
DA:1088,0
DA:1089,0
DA:1090,0
DA:1091,0
DA:1093,0
DA:1094,0
DA:1095,0
DA:1096,0
DA:1097,0
DA:1098,0
DA:1099,0
DA:1100,0
DA:1101,0
DA:1102,0
DA:1103,0
DA:1104,0
DA:1106,0
DA:1107,0
DA:1108,0
DA:1109,0
DA:1110,0
DA:1111,0
DA:1112,0
DA:1113,0
DA:1114,0
DA:1115,0
DA:1116,0
DA:1117,0
DA:1119,0
DA:1120,0
DA:1121,0
DA:1122,0
DA:1123,0
DA:1124,0
DA:1125,0
DA:1126,0
DA:1127,0
DA:1128,0
DA:1129,0
DA:1130,0
DA:1131,0
DA:1132,0
DA:1133,0
DA:1134,0
DA:1135,0
DA:1136,0
DA:1138,0
DA:1139,0
DA:1140,0
DA:1141,0
DA:1142,0
DA:1143,0
DA:1144,0
DA:1145,0
DA:1146,0
DA:1147,0
DA:1148,0
DA:1149,0
DA:1150,0
DA:1151,0
DA:1152,0
DA:1153,0
DA:1154,0
DA:1155,0
DA:1156,0
DA:1157,0
DA:1158,0
DA:1159,0
DA:1160,0
DA:1161,0
DA:1163,0
DA:1164,0
DA:1165,0
DA:1166,0
DA:1167,0
DA:1168,0
DA:1169,0
DA:1170,0
DA:1171,0
DA:1172,0
DA:1173,0
DA:1174,0
DA:1175,0
DA:1176,0
DA:1177,0
DA:1178,0
DA:1180,0
DA:1181,0
DA:1182,0
DA:1183,0
DA:1184,0
DA:1185,0
DA:1186,0
DA:1187,0
DA:1188,0
DA:1189,0
DA:1190,0
DA:1191,0
DA:1192,0
DA:1193,0
DA:1194,0
DA:1195,0
DA:1196,0
DA:1197,0
DA:1198,0
DA:1199,0
DA:1200,0
DA:1201,0
DA:1202,0
DA:1203,0
DA:1204,0
DA:1205,0
DA:1206,0
DA:1207,0
DA:1208,0
DA:1209,0
DA:1210,0
DA:1211,0
DA:1212,0
DA:1213,0
DA:1214,0
DA:1215,0
DA:1216,0
DA:1217,0
DA:1218,0
DA:1219,0
DA:1220,0
DA:1221,0
DA:1222,0
DA:1223,0
DA:1224,0
DA:1225,0
DA:1226,0
DA:1227,0
DA:1228,0
DA:1229,0
DA:1230,0
DA:1231,0
DA:1232,0
DA:1233,0
DA:1234,0
DA:1235,0
DA:1236,0
DA:1237,0
DA:1238,0
DA:1239,0
DA:1240,0
DA:1241,0
DA:1242,0
DA:1243,0
DA:1244,0
DA:1245,0
DA:1246,0
DA:1247,0
DA:1248,0
DA:1250,0
DA:1251,0
DA:1252,0
DA:1253,0
DA:1254,0
DA:1255,0
DA:1256,0
DA:1257,0
DA:1258,0
DA:1259,0
DA:1260,0
DA:1261,0
DA:1262,0
DA:1263,0
DA:1264,0
DA:1265,0
DA:1266,0
DA:1267,0
DA:1268,0
DA:1269,0
DA:1270,0
DA:1271,0
DA:1272,0
DA:1273,0
DA:1274,0
DA:1275,0
DA:1276,0
DA:1277,0
DA:1280,0
FN:10,System.Void Diabetia.Infrastructure.EF.diabetiaContext::.ctor()
FNDA:0,System.Void Diabetia.Infrastructure.EF.diabetiaContext::.ctor()
DA:11,0
DA:13,0
FN:15,System.Void Diabetia.Infrastructure.EF.diabetiaContext::.ctor(Microsoft.EntityFrameworkCore.DbContextOptions`1<Diabetia.Infrastructure.EF.diabetiaContext>)
FNDA:0,System.Void Diabetia.Infrastructure.EF.diabetiaContext::.ctor(Microsoft.EntityFrameworkCore.DbContextOptions`1<Diabetia.Infrastructure.EF.diabetiaContext>)
DA:16,0
DA:18,0
LF:1213
LH:0
BRF:2
BRH:0
FNF:45
FNH:0
end_of_record